<?xml version="1.0" encoding="UTF-8"?>
<robot generator="Robot 3.1.2 (Python 3.8.1 on win32)" generated="20200127 18:46:42.808" rpa="false">
<suite id="s1" name="Test Game Logic" source="C:\Users\VP\gitwa\robot_study\game\test_game_logic.robot">
<test id="s1-t1" name="Game Initialization">
<kw name="Initialize Game">
<arguments>
<arg>2</arg>
<arg>5</arg>
<arg>Veera</arg>
</arguments>
<kw name="Init Database" library="GameLogicTestLibrary">
<arguments>
<arg>${numPlayers}</arg>
<arg>${numPairs}</arg>
<arg>${user}</arg>
</arguments>
<status status="PASS" starttime="20200127 18:46:42.860" endtime="20200127 18:46:42.861"></status>
</kw>
<kw name="Print Match" library="GameLogicTestLibrary">
<msg timestamp="20200127 18:46:42.861" level="INFO">Match.objects.values= [(0, 1, 'Veera', 1), (1, 1, 'Helmi', 2)]
Match, filtered by game_id= 1 : [(0, 1, 'Veera', 1), (1, 1, 'Helmi', 2)]
Match, filtered by game_id= 1 and user= Veera : [(0, 1, 'Veera', 1)]</msg>
<status status="PASS" starttime="20200127 18:46:42.861" endtime="20200127 18:46:42.861"></status>
</kw>
<kw name="Check Game Initialization" library="GameLogicTestLibrary">
<msg timestamp="20200127 18:46:42.861" level="INFO">game.state= {"gameId": "1", "board": ["4a", "5a", "2b", "1b", "3b", "2a", "1a", "5b", "4b", "3a"], "cards": [{"facedown": true, "removed": false, "faceValue": "4", "position": 0}, {"facedown": true, "removed": false, "faceValue": "5", "position": 1}, {"facedown": true, "removed": false, "faceValue": "2", "position": 2}, {"facedown": true, "removed": false, "faceValue": "1", "position": 3}, {"facedown": true, "removed": false, "faceValue": "3", "position": 4}, {"facedown": true, "removed": false, "faceValue": "2", "position": 5}, {"facedown": true, "removed": false, "faceValue": "1", "position": 6}, {"facedown": true, "removed": false, "faceValue": "5", "position": 7}, {"facedown": true, "removed": false, "faceValue": "4", "position": 8}, {"facedown": true, "removed": false, "faceValue": "3", "position": 9}], "turn": 1, "faceUp": [], "removed": 0, "scores": [0, 0], "gameover": false, "players": ["Veera", "Helmi"], "start-time": 1580143602, "game-max-len": 200, "max-len-timer": 0, "faceup-delay": false, "in-device": false}</msg>
<status status="PASS" starttime="20200127 18:46:42.861" endtime="20200127 18:46:42.861"></status>
</kw>
<status status="PASS" starttime="20200127 18:46:42.859" endtime="20200127 18:46:42.861"></status>
</kw>
<kw name="Initialize Game">
<arguments>
<arg>3</arg>
<arg>10</arg>
<arg>Helmi</arg>
</arguments>
<kw name="Init Database" library="GameLogicTestLibrary">
<arguments>
<arg>${numPlayers}</arg>
<arg>${numPairs}</arg>
<arg>${user}</arg>
</arguments>
<status status="PASS" starttime="20200127 18:46:42.862" endtime="20200127 18:46:42.863"></status>
</kw>
<kw name="Print Match" library="GameLogicTestLibrary">
<msg timestamp="20200127 18:46:42.863" level="INFO">Match.objects.values= [(0, 2, 'Veera', 1), (1, 2, 'Helmi', 2), (2, 2, 'Sanni', 3)]
Match, filtered by game_id= 2 : [(0, 2, 'Veera', 1), (1, 2, 'Helmi', 2), (2, 2, 'Sanni', 3)]
Match, filtered by game_id= 2 and user= Helmi : [(1, 2, 'Helmi', 2)]</msg>
<status status="PASS" starttime="20200127 18:46:42.863" endtime="20200127 18:46:42.863"></status>
</kw>
<kw name="Check Game Initialization" library="GameLogicTestLibrary">
<msg timestamp="20200127 18:46:42.864" level="INFO">game.state= {"gameId": "2", "board": ["3a", "9b", "1a", "6b", "8a", "2b", "4b", "8b", "5b", "3b", "7a", "10b", "10a", "4a", "5a", "7b", "9a", "6a", "1b", "2a"], "cards": [{"facedown": true, "removed": false, "faceValue": "3", "position": 0}, {"facedown": true, "removed": false, "faceValue": "9", "position": 1}, {"facedown": true, "removed": false, "faceValue": "1", "position": 2}, {"facedown": true, "removed": false, "faceValue": "6", "position": 3}, {"facedown": true, "removed": false, "faceValue": "8", "position": 4}, {"facedown": true, "removed": false, "faceValue": "2", "position": 5}, {"facedown": true, "removed": false, "faceValue": "4", "position": 6}, {"facedown": true, "removed": false, "faceValue": "8", "position": 7}, {"facedown": true, "removed": false, "faceValue": "5", "position": 8}, {"facedown": true, "removed": false, "faceValue": "3", "position": 9}, {"facedown": true, "removed": false, "faceValue": "7", "position": 10}, {"facedown": true, "removed": false, "faceValue": "10", "position": 11}, {"facedown": true, "removed": false, "faceValue": "10", "position": 12}, {"facedown": true, "removed": false, "faceValue": "4", "position": 13}, {"facedown": true, "removed": false, "faceValue": "5", "position": 14}, {"facedown": true, "removed": false, "faceValue": "7", "position": 15}, {"facedown": true, "removed": false, "faceValue": "9", "position": 16}, {"facedown": true, "removed": false, "faceValue": "6", "position": 17}, {"facedown": true, "removed": false, "faceValue": "1", "position": 18}, {"facedown": true, "removed": false, "faceValue": "2", "position": 19}], "turn": 1, "faceUp": [], "removed": 0, "scores": [0, 0, 0], "gameover": false, "players": ["Veera", "Helmi", "Sanni"], "start-time": 1580143602, "game-max-len": 200, "max-len-timer": 0, "faceup-delay": false, "in-device": false}</msg>
<status status="PASS" starttime="20200127 18:46:42.863" endtime="20200127 18:46:42.864"></status>
</kw>
<status status="PASS" starttime="20200127 18:46:42.862" endtime="20200127 18:46:42.864"></status>
</kw>
<status status="PASS" starttime="20200127 18:46:42.859" endtime="20200127 18:46:42.864" critical="yes"></status>
</test>
<test id="s1-t2" name="Playing">
<kw name="Play Game">
<arguments>
<arg>2</arg>
<arg>5</arg>
<arg>Veera</arg>
<arg>${board1}</arg>
<arg>${turns1}</arg>
<arg>${expected_score1}</arg>
</arguments>
<kw name="Initialize Game">
<arguments>
<arg>${numPlayers}</arg>
<arg>${numPairs}</arg>
<arg>${user}</arg>
</arguments>
<kw name="Init Database" library="GameLogicTestLibrary">
<arguments>
<arg>${numPlayers}</arg>
<arg>${numPairs}</arg>
<arg>${user}</arg>
</arguments>
<status status="PASS" starttime="20200127 18:46:42.869" endtime="20200127 18:46:42.870"></status>
</kw>
<kw name="Print Match" library="GameLogicTestLibrary">
<msg timestamp="20200127 18:46:42.871" level="INFO">Match.objects.values= [(0, 3, 'Veera', 1), (1, 3, 'Helmi', 2)]
Match, filtered by game_id= 3 : [(0, 3, 'Veera', 1), (1, 3, 'Helmi', 2)]
Match, filtered by game_id= 3 and user= Veera : [(0, 3, 'Veera', 1)]</msg>
<status status="PASS" starttime="20200127 18:46:42.871" endtime="20200127 18:46:42.871"></status>
</kw>
<kw name="Check Game Initialization" library="GameLogicTestLibrary">
<msg timestamp="20200127 18:46:42.871" level="INFO">game.state= {"gameId": "3", "board": ["2a", "5a", "2b", "4a", "1b", "3b", "5b", "3a", "1a", "4b"], "cards": [{"facedown": true, "removed": false, "faceValue": "2", "position": 0}, {"facedown": true, "removed": false, "faceValue": "5", "position": 1}, {"facedown": true, "removed": false, "faceValue": "2", "position": 2}, {"facedown": true, "removed": false, "faceValue": "4", "position": 3}, {"facedown": true, "removed": false, "faceValue": "1", "position": 4}, {"facedown": true, "removed": false, "faceValue": "3", "position": 5}, {"facedown": true, "removed": false, "faceValue": "5", "position": 6}, {"facedown": true, "removed": false, "faceValue": "3", "position": 7}, {"facedown": true, "removed": false, "faceValue": "1", "position": 8}, {"facedown": true, "removed": false, "faceValue": "4", "position": 9}], "turn": 1, "faceUp": [], "removed": 0, "scores": [0, 0], "gameover": false, "players": ["Veera", "Helmi"], "start-time": 1580143602, "game-max-len": 200, "max-len-timer": 0, "faceup-delay": false, "in-device": false}</msg>
<status status="PASS" starttime="20200127 18:46:42.871" endtime="20200127 18:46:42.871"></status>
</kw>
<status status="PASS" starttime="20200127 18:46:42.868" endtime="20200127 18:46:42.872"></status>
</kw>
<kw name="Mock Board" library="GameLogicTestLibrary">
<arguments>
<arg>${board}</arg>
</arguments>
<msg timestamp="20200127 18:46:42.872" level="INFO">game.state= {"gameId": "3", "board": ["1a", "1b", "2a", "2b", "3a", "3b", "4a", "4b", "5a", "5b"], "cards": [{"facedown": true, "removed": false, "faceValue": "1", "position": 0}, {"facedown": true, "removed": false, "faceValue": "1", "position": 1}, {"facedown": true, "removed": false, "faceValue": "2", "position": 2}, {"facedown": true, "removed": false, "faceValue": "2", "position": 3}, {"facedown": true, "removed": false, "faceValue": "3", "position": 4}, {"facedown": true, "removed": false, "faceValue": "3", "position": 5}, {"facedown": true, "removed": false, "faceValue": "4", "position": 6}, {"facedown": true, "removed": false, "faceValue": "4", "position": 7}, {"facedown": true, "removed": false, "faceValue": "5", "position": 8}, {"facedown": true, "removed": false, "faceValue": "5", "position": 9}], "turn": 1, "faceUp": [], "removed": 0, "scores": [0, 0], "gameover": false, "players": ["Veera", "Helmi"], "start-time": 1580143602, "game-max-len": 200, "max-len-timer": 0, "faceup-delay": false, "in-device": false}</msg>
<status status="PASS" starttime="20200127 18:46:42.872" endtime="20200127 18:46:42.872"></status>
</kw>
<kw name="Do Turns">
<arguments>
<arg>${turns}</arg>
<arg>${board}</arg>
</arguments>
<kw name="Create List" library="BuiltIn">
<doc>Returns a list containing given items.</doc>
<assign>
<var>@{faceups}</var>
</assign>
<msg timestamp="20200127 18:46:42.873" level="INFO">@{faceups} = [ ]</msg>
<status status="PASS" starttime="20200127 18:46:42.872" endtime="20200127 18:46:42.873"></status>
</kw>
<kw name="${turn} IN [ @{turns} ]" type="for">
<kw name="${turn} = 0" type="foritem">
<kw name="Turn One Card">
<arguments>
<arg>${turn}</arg>
<arg>${board}</arg>
<arg>${faceups}</arg>
</arguments>
<kw name="Get Player In Turn" library="GameLogicTestLibrary">
<assign>
<var>${playerInTurn}</var>
</assign>
<msg timestamp="20200127 18:46:42.873" level="INFO">${playerInTurn} = Veera</msg>
<status status="PASS" starttime="20200127 18:46:42.873" endtime="20200127 18:46:42.873"></status>
</kw>
<kw name="Convert To Integer" library="BuiltIn">
<doc>Converts the given item to an integer number.</doc>
<arguments>
<arg>${turn}</arg>
</arguments>
<assign>
<var>${position}</var>
</assign>
<msg timestamp="20200127 18:46:42.874" level="INFO">${position} = 0</msg>
<status status="PASS" starttime="20200127 18:46:42.874" endtime="20200127 18:46:42.874"></status>
</kw>
<kw name="Get Substring" library="String">
<doc>Returns a substring from ``start`` index to ``end`` index.</doc>
<arguments>
<arg>${board}[${position}]</arg>
<arg>0</arg>
<arg>-1</arg>
</arguments>
<assign>
<var>${faceValue}</var>
</assign>
<msg timestamp="20200127 18:46:42.874" level="INFO">${faceValue} = 1</msg>
<status status="PASS" starttime="20200127 18:46:42.874" endtime="20200127 18:46:42.874"></status>
</kw>
<kw name="Create Dictionary" library="BuiltIn">
<doc>Creates and returns a dictionary based on the given ``items``.</doc>
<arguments>
<arg>position=${position}</arg>
<arg>faceValue=${faceValue}</arg>
</arguments>
<assign>
<var>&amp;{faceup}</var>
</assign>
<msg timestamp="20200127 18:46:42.875" level="INFO">&amp;{faceup} = { position=0 | faceValue=1 }</msg>
<status status="PASS" starttime="20200127 18:46:42.874" endtime="20200127 18:46:42.875"></status>
</kw>
<kw name="Turn Card" library="GameLogicTestLibrary">
<arguments>
<arg>${playerInTurn}</arg>
<arg>${position}</arg>
</arguments>
<msg timestamp="20200127 18:46:42.876" level="INFO">user Veera cardI 0
game_logic.play: turned, cardI=0
game.state= {"gameId": "3", "board": ["1a", "1b", "2a", "2b", "3a", "3b", "4a", "4b", "5a", "5b"], "cards": [{"facedown": false, "removed": false, "faceValue": "1", "position": 0}, {"facedown": true, "removed": false, "faceValue": "1", "position": 1}, {"facedown": true, "removed": false, "faceValue": "2", "position": 2}, {"facedown": true, "removed": false, "faceValue": "2", "position": 3}, {"facedown": true, "removed": false, "faceValue": "3", "position": 4}, {"facedown": true, "removed": false, "faceValue": "3", "position": 5}, {"facedown": true, "removed": false, "faceValue": "4", "position": 6}, {"facedown": true, "removed": false, "faceValue": "4", "position": 7}, {"facedown": true, "removed": false, "faceValue": "5", "position": 8}, {"facedown": true, "removed": false, "faceValue": "5", "position": 9}], "turn": 1, "faceUp": [{"facedown": false, "removed": false, "faceValue": "1", "position": 0}], "removed": 0, "scores": [0, 0], "gameover": false, "players": ["Veera", "Helmi"], "start-time": 1580143602, "game-max-len": 200, "max-len-timer": 0, "faceup-delay": false, "in-device": false}</msg>
<status status="PASS" starttime="20200127 18:46:42.875" endtime="20200127 18:46:42.876"></status>
</kw>
<kw name="Append To List" library="Collections">
<doc>Adds ``values`` to the end of ``list``.</doc>
<arguments>
<arg>${cards_faceup}</arg>
<arg>${faceup}</arg>
</arguments>
<status status="PASS" starttime="20200127 18:46:42.876" endtime="20200127 18:46:42.877"></status>
</kw>
<kw name="Faceup Cards Should Be" library="GameLogicTestLibrary">
<arguments>
<arg>${cards_faceup}</arg>
</arguments>
<msg timestamp="20200127 18:46:42.877" level="INFO">[{'position': 0, 'faceValue': '1'}]</msg>
<status status="PASS" starttime="20200127 18:46:42.877" endtime="20200127 18:46:42.877"></status>
</kw>
<status status="PASS" starttime="20200127 18:46:42.873" endtime="20200127 18:46:42.877"></status>
</kw>
<kw name="Check If Should Clear Faceups" library="GameLogicTestLibrary">
<arguments>
<arg>${faceups}</arg>
</arguments>
<assign>
<var>${faceups}</var>
</assign>
<msg timestamp="20200127 18:46:42.878" level="INFO">${faceups} = [{'position': 0, 'faceValue': '1'}]</msg>
<status status="PASS" starttime="20200127 18:46:42.878" endtime="20200127 18:46:42.878"></status>
</kw>
<status status="PASS" starttime="20200127 18:46:42.873" endtime="20200127 18:46:42.878"></status>
</kw>
<kw name="${turn} = 1" type="foritem">
<kw name="Turn One Card">
<arguments>
<arg>${turn}</arg>
<arg>${board}</arg>
<arg>${faceups}</arg>
</arguments>
<kw name="Get Player In Turn" library="GameLogicTestLibrary">
<assign>
<var>${playerInTurn}</var>
</assign>
<msg timestamp="20200127 18:46:42.879" level="INFO">${playerInTurn} = Veera</msg>
<status status="PASS" starttime="20200127 18:46:42.878" endtime="20200127 18:46:42.879"></status>
</kw>
<kw name="Convert To Integer" library="BuiltIn">
<doc>Converts the given item to an integer number.</doc>
<arguments>
<arg>${turn}</arg>
</arguments>
<assign>
<var>${position}</var>
</assign>
<msg timestamp="20200127 18:46:42.879" level="INFO">${position} = 1</msg>
<status status="PASS" starttime="20200127 18:46:42.879" endtime="20200127 18:46:42.879"></status>
</kw>
<kw name="Get Substring" library="String">
<doc>Returns a substring from ``start`` index to ``end`` index.</doc>
<arguments>
<arg>${board}[${position}]</arg>
<arg>0</arg>
<arg>-1</arg>
</arguments>
<assign>
<var>${faceValue}</var>
</assign>
<msg timestamp="20200127 18:46:42.881" level="INFO">${faceValue} = 1</msg>
<status status="PASS" starttime="20200127 18:46:42.879" endtime="20200127 18:46:42.881"></status>
</kw>
<kw name="Create Dictionary" library="BuiltIn">
<doc>Creates and returns a dictionary based on the given ``items``.</doc>
<arguments>
<arg>position=${position}</arg>
<arg>faceValue=${faceValue}</arg>
</arguments>
<assign>
<var>&amp;{faceup}</var>
</assign>
<msg timestamp="20200127 18:46:42.882" level="INFO">&amp;{faceup} = { position=1 | faceValue=1 }</msg>
<status status="PASS" starttime="20200127 18:46:42.881" endtime="20200127 18:46:42.882"></status>
</kw>
<kw name="Turn Card" library="GameLogicTestLibrary">
<arguments>
<arg>${playerInTurn}</arg>
<arg>${position}</arg>
</arguments>
<msg timestamp="20200127 18:46:42.883" level="INFO">user Veera cardI 1
game_logic.play: turned, cardI=1
two cards are face-up
pair found
game.state= {"gameId": "3", "board": ["1a", "1b", "2a", "2b", "3a", "3b", "4a", "4b", "5a", "5b"], "cards": [{"facedown": false, "removed": true, "faceValue": "1", "position": 0}, {"facedown": false, "removed": true, "faceValue": "1", "position": 1}, {"facedown": true, "removed": false, "faceValue": "2", "position": 2}, {"facedown": true, "removed": false, "faceValue": "2", "position": 3}, {"facedown": true, "removed": false, "faceValue": "3", "position": 4}, {"facedown": true, "removed": false, "faceValue": "3", "position": 5}, {"facedown": true, "removed": false, "faceValue": "4", "position": 6}, {"facedown": true, "removed": false, "faceValue": "4", "position": 7}, {"facedown": true, "removed": false, "faceValue": "5", "position": 8}, {"facedown": true, "removed": false, "faceValue": "5", "position": 9}], "turn": 2, "faceUp": [{"facedown": false, "removed": true, "faceValue": "1", "position": 0}, {"facedown": false, "removed": true, "faceValue": "1", "position": 1}], "removed": 1, "scores": [1, 0], "gameover": false, "players": ["Veera", "Helmi"], "start-time": 1580143602, "game-max-len": 200, "max-len-timer": 0, "faceup-delay": false, "in-device": false}</msg>
<status status="PASS" starttime="20200127 18:46:42.882" endtime="20200127 18:46:42.883"></status>
</kw>
<kw name="Append To List" library="Collections">
<doc>Adds ``values`` to the end of ``list``.</doc>
<arguments>
<arg>${cards_faceup}</arg>
<arg>${faceup}</arg>
</arguments>
<status status="PASS" starttime="20200127 18:46:42.883" endtime="20200127 18:46:42.884"></status>
</kw>
<kw name="Faceup Cards Should Be" library="GameLogicTestLibrary">
<arguments>
<arg>${cards_faceup}</arg>
</arguments>
<msg timestamp="20200127 18:46:42.884" level="INFO">[{'position': 0, 'faceValue': '1'}, {'position': 1, 'faceValue': '1'}]</msg>
<status status="PASS" starttime="20200127 18:46:42.884" endtime="20200127 18:46:42.885"></status>
</kw>
<status status="PASS" starttime="20200127 18:46:42.878" endtime="20200127 18:46:42.885"></status>
</kw>
<kw name="Check If Should Clear Faceups" library="GameLogicTestLibrary">
<arguments>
<arg>${faceups}</arg>
</arguments>
<assign>
<var>${faceups}</var>
</assign>
<msg timestamp="20200127 18:46:42.885" level="INFO">clear faceups</msg>
<msg timestamp="20200127 18:46:42.886" level="INFO">${faceups} = []</msg>
<status status="PASS" starttime="20200127 18:46:42.885" endtime="20200127 18:46:42.886"></status>
</kw>
<status status="PASS" starttime="20200127 18:46:42.878" endtime="20200127 18:46:42.886"></status>
</kw>
<kw name="${turn} = 2" type="foritem">
<kw name="Turn One Card">
<arguments>
<arg>${turn}</arg>
<arg>${board}</arg>
<arg>${faceups}</arg>
</arguments>
<kw name="Get Player In Turn" library="GameLogicTestLibrary">
<assign>
<var>${playerInTurn}</var>
</assign>
<msg timestamp="20200127 18:46:42.887" level="INFO">${playerInTurn} = Helmi</msg>
<status status="PASS" starttime="20200127 18:46:42.886" endtime="20200127 18:46:42.887"></status>
</kw>
<kw name="Convert To Integer" library="BuiltIn">
<doc>Converts the given item to an integer number.</doc>
<arguments>
<arg>${turn}</arg>
</arguments>
<assign>
<var>${position}</var>
</assign>
<msg timestamp="20200127 18:46:42.887" level="INFO">${position} = 2</msg>
<status status="PASS" starttime="20200127 18:46:42.887" endtime="20200127 18:46:42.887"></status>
</kw>
<kw name="Get Substring" library="String">
<doc>Returns a substring from ``start`` index to ``end`` index.</doc>
<arguments>
<arg>${board}[${position}]</arg>
<arg>0</arg>
<arg>-1</arg>
</arguments>
<assign>
<var>${faceValue}</var>
</assign>
<msg timestamp="20200127 18:46:42.888" level="INFO">${faceValue} = 2</msg>
<status status="PASS" starttime="20200127 18:46:42.887" endtime="20200127 18:46:42.888"></status>
</kw>
<kw name="Create Dictionary" library="BuiltIn">
<doc>Creates and returns a dictionary based on the given ``items``.</doc>
<arguments>
<arg>position=${position}</arg>
<arg>faceValue=${faceValue}</arg>
</arguments>
<assign>
<var>&amp;{faceup}</var>
</assign>
<msg timestamp="20200127 18:46:42.888" level="INFO">&amp;{faceup} = { position=2 | faceValue=2 }</msg>
<status status="PASS" starttime="20200127 18:46:42.888" endtime="20200127 18:46:42.888"></status>
</kw>
<kw name="Turn Card" library="GameLogicTestLibrary">
<arguments>
<arg>${playerInTurn}</arg>
<arg>${position}</arg>
</arguments>
<msg timestamp="20200127 18:46:42.888" level="INFO">user Helmi cardI 2
game_logic.play: turned, cardI=2
game.state= {"gameId": "3", "board": ["1a", "1b", "2a", "2b", "3a", "3b", "4a", "4b", "5a", "5b"], "cards": [{"facedown": false, "removed": true, "faceValue": "1", "position": 0}, {"facedown": false, "removed": true, "faceValue": "1", "position": 1}, {"facedown": false, "removed": false, "faceValue": "2", "position": 2}, {"facedown": true, "removed": false, "faceValue": "2", "position": 3}, {"facedown": true, "removed": false, "faceValue": "3", "position": 4}, {"facedown": true, "removed": false, "faceValue": "3", "position": 5}, {"facedown": true, "removed": false, "faceValue": "4", "position": 6}, {"facedown": true, "removed": false, "faceValue": "4", "position": 7}, {"facedown": true, "removed": false, "faceValue": "5", "position": 8}, {"facedown": true, "removed": false, "faceValue": "5", "position": 9}], "turn": 2, "faceUp": [{"facedown": false, "removed": false, "faceValue": "2", "position": 2}], "removed": 1, "scores": [1, 0], "gameover": false, "players": ["Veera", "Helmi"], "start-time": 1580143602, "game-max-len": 200, "max-len-timer": 0, "faceup-delay": false, "in-device": false}</msg>
<status status="PASS" starttime="20200127 18:46:42.888" endtime="20200127 18:46:42.889"></status>
</kw>
<kw name="Append To List" library="Collections">
<doc>Adds ``values`` to the end of ``list``.</doc>
<arguments>
<arg>${cards_faceup}</arg>
<arg>${faceup}</arg>
</arguments>
<status status="PASS" starttime="20200127 18:46:42.889" endtime="20200127 18:46:42.889"></status>
</kw>
<kw name="Faceup Cards Should Be" library="GameLogicTestLibrary">
<arguments>
<arg>${cards_faceup}</arg>
</arguments>
<msg timestamp="20200127 18:46:42.889" level="INFO">[{'position': 2, 'faceValue': '2'}]</msg>
<status status="PASS" starttime="20200127 18:46:42.889" endtime="20200127 18:46:42.889"></status>
</kw>
<status status="PASS" starttime="20200127 18:46:42.886" endtime="20200127 18:46:42.889"></status>
</kw>
<kw name="Check If Should Clear Faceups" library="GameLogicTestLibrary">
<arguments>
<arg>${faceups}</arg>
</arguments>
<assign>
<var>${faceups}</var>
</assign>
<msg timestamp="20200127 18:46:42.889" level="INFO">${faceups} = [{'position': 2, 'faceValue': '2'}]</msg>
<status status="PASS" starttime="20200127 18:46:42.889" endtime="20200127 18:46:42.889"></status>
</kw>
<status status="PASS" starttime="20200127 18:46:42.886" endtime="20200127 18:46:42.890"></status>
</kw>
<kw name="${turn} = 3" type="foritem">
<kw name="Turn One Card">
<arguments>
<arg>${turn}</arg>
<arg>${board}</arg>
<arg>${faceups}</arg>
</arguments>
<kw name="Get Player In Turn" library="GameLogicTestLibrary">
<assign>
<var>${playerInTurn}</var>
</assign>
<msg timestamp="20200127 18:46:42.890" level="INFO">${playerInTurn} = Helmi</msg>
<status status="PASS" starttime="20200127 18:46:42.890" endtime="20200127 18:46:42.890"></status>
</kw>
<kw name="Convert To Integer" library="BuiltIn">
<doc>Converts the given item to an integer number.</doc>
<arguments>
<arg>${turn}</arg>
</arguments>
<assign>
<var>${position}</var>
</assign>
<msg timestamp="20200127 18:46:42.890" level="INFO">${position} = 3</msg>
<status status="PASS" starttime="20200127 18:46:42.890" endtime="20200127 18:46:42.890"></status>
</kw>
<kw name="Get Substring" library="String">
<doc>Returns a substring from ``start`` index to ``end`` index.</doc>
<arguments>
<arg>${board}[${position}]</arg>
<arg>0</arg>
<arg>-1</arg>
</arguments>
<assign>
<var>${faceValue}</var>
</assign>
<msg timestamp="20200127 18:46:42.891" level="INFO">${faceValue} = 2</msg>
<status status="PASS" starttime="20200127 18:46:42.891" endtime="20200127 18:46:42.891"></status>
</kw>
<kw name="Create Dictionary" library="BuiltIn">
<doc>Creates and returns a dictionary based on the given ``items``.</doc>
<arguments>
<arg>position=${position}</arg>
<arg>faceValue=${faceValue}</arg>
</arguments>
<assign>
<var>&amp;{faceup}</var>
</assign>
<msg timestamp="20200127 18:46:42.891" level="INFO">&amp;{faceup} = { position=3 | faceValue=2 }</msg>
<status status="PASS" starttime="20200127 18:46:42.891" endtime="20200127 18:46:42.891"></status>
</kw>
<kw name="Turn Card" library="GameLogicTestLibrary">
<arguments>
<arg>${playerInTurn}</arg>
<arg>${position}</arg>
</arguments>
<msg timestamp="20200127 18:46:42.892" level="INFO">user Helmi cardI 3
game_logic.play: turned, cardI=3
two cards are face-up
pair found
game.state= {"gameId": "3", "board": ["1a", "1b", "2a", "2b", "3a", "3b", "4a", "4b", "5a", "5b"], "cards": [{"facedown": false, "removed": true, "faceValue": "1", "position": 0}, {"facedown": false, "removed": true, "faceValue": "1", "position": 1}, {"facedown": false, "removed": true, "faceValue": "2", "position": 2}, {"facedown": false, "removed": true, "faceValue": "2", "position": 3}, {"facedown": true, "removed": false, "faceValue": "3", "position": 4}, {"facedown": true, "removed": false, "faceValue": "3", "position": 5}, {"facedown": true, "removed": false, "faceValue": "4", "position": 6}, {"facedown": true, "removed": false, "faceValue": "4", "position": 7}, {"facedown": true, "removed": false, "faceValue": "5", "position": 8}, {"facedown": true, "removed": false, "faceValue": "5", "position": 9}], "turn": 1, "faceUp": [{"facedown": false, "removed": true, "faceValue": "2", "position": 2}, {"facedown": false, "removed": true, "faceValue": "2", "position": 3}], "removed": 2, "scores": [1, 1], "gameover": false, "players": ["Veera", "Helmi"], "start-time": 1580143602, "game-max-len": 200, "max-len-timer": 0, "faceup-delay": false, "in-device": false}</msg>
<status status="PASS" starttime="20200127 18:46:42.892" endtime="20200127 18:46:42.892"></status>
</kw>
<kw name="Append To List" library="Collections">
<doc>Adds ``values`` to the end of ``list``.</doc>
<arguments>
<arg>${cards_faceup}</arg>
<arg>${faceup}</arg>
</arguments>
<status status="PASS" starttime="20200127 18:46:42.892" endtime="20200127 18:46:42.893"></status>
</kw>
<kw name="Faceup Cards Should Be" library="GameLogicTestLibrary">
<arguments>
<arg>${cards_faceup}</arg>
</arguments>
<msg timestamp="20200127 18:46:42.893" level="INFO">[{'position': 2, 'faceValue': '2'}, {'position': 3, 'faceValue': '2'}]</msg>
<status status="PASS" starttime="20200127 18:46:42.893" endtime="20200127 18:46:42.893"></status>
</kw>
<status status="PASS" starttime="20200127 18:46:42.890" endtime="20200127 18:46:42.893"></status>
</kw>
<kw name="Check If Should Clear Faceups" library="GameLogicTestLibrary">
<arguments>
<arg>${faceups}</arg>
</arguments>
<assign>
<var>${faceups}</var>
</assign>
<msg timestamp="20200127 18:46:42.894" level="INFO">clear faceups</msg>
<msg timestamp="20200127 18:46:42.894" level="INFO">${faceups} = []</msg>
<status status="PASS" starttime="20200127 18:46:42.893" endtime="20200127 18:46:42.894"></status>
</kw>
<status status="PASS" starttime="20200127 18:46:42.890" endtime="20200127 18:46:42.894"></status>
</kw>
<kw name="${turn} = 4" type="foritem">
<kw name="Turn One Card">
<arguments>
<arg>${turn}</arg>
<arg>${board}</arg>
<arg>${faceups}</arg>
</arguments>
<kw name="Get Player In Turn" library="GameLogicTestLibrary">
<assign>
<var>${playerInTurn}</var>
</assign>
<msg timestamp="20200127 18:46:42.894" level="INFO">${playerInTurn} = Veera</msg>
<status status="PASS" starttime="20200127 18:46:42.894" endtime="20200127 18:46:42.894"></status>
</kw>
<kw name="Convert To Integer" library="BuiltIn">
<doc>Converts the given item to an integer number.</doc>
<arguments>
<arg>${turn}</arg>
</arguments>
<assign>
<var>${position}</var>
</assign>
<msg timestamp="20200127 18:46:42.895" level="INFO">${position} = 4</msg>
<status status="PASS" starttime="20200127 18:46:42.894" endtime="20200127 18:46:42.895"></status>
</kw>
<kw name="Get Substring" library="String">
<doc>Returns a substring from ``start`` index to ``end`` index.</doc>
<arguments>
<arg>${board}[${position}]</arg>
<arg>0</arg>
<arg>-1</arg>
</arguments>
<assign>
<var>${faceValue}</var>
</assign>
<msg timestamp="20200127 18:46:42.895" level="INFO">${faceValue} = 3</msg>
<status status="PASS" starttime="20200127 18:46:42.895" endtime="20200127 18:46:42.895"></status>
</kw>
<kw name="Create Dictionary" library="BuiltIn">
<doc>Creates and returns a dictionary based on the given ``items``.</doc>
<arguments>
<arg>position=${position}</arg>
<arg>faceValue=${faceValue}</arg>
</arguments>
<assign>
<var>&amp;{faceup}</var>
</assign>
<msg timestamp="20200127 18:46:42.895" level="INFO">&amp;{faceup} = { position=4 | faceValue=3 }</msg>
<status status="PASS" starttime="20200127 18:46:42.895" endtime="20200127 18:46:42.896"></status>
</kw>
<kw name="Turn Card" library="GameLogicTestLibrary">
<arguments>
<arg>${playerInTurn}</arg>
<arg>${position}</arg>
</arguments>
<msg timestamp="20200127 18:46:42.896" level="INFO">user Veera cardI 4
game_logic.play: turned, cardI=4
game.state= {"gameId": "3", "board": ["1a", "1b", "2a", "2b", "3a", "3b", "4a", "4b", "5a", "5b"], "cards": [{"facedown": false, "removed": true, "faceValue": "1", "position": 0}, {"facedown": false, "removed": true, "faceValue": "1", "position": 1}, {"facedown": false, "removed": true, "faceValue": "2", "position": 2}, {"facedown": false, "removed": true, "faceValue": "2", "position": 3}, {"facedown": false, "removed": false, "faceValue": "3", "position": 4}, {"facedown": true, "removed": false, "faceValue": "3", "position": 5}, {"facedown": true, "removed": false, "faceValue": "4", "position": 6}, {"facedown": true, "removed": false, "faceValue": "4", "position": 7}, {"facedown": true, "removed": false, "faceValue": "5", "position": 8}, {"facedown": true, "removed": false, "faceValue": "5", "position": 9}], "turn": 1, "faceUp": [{"facedown": false, "removed": false, "faceValue": "3", "position": 4}], "removed": 2, "scores": [1, 1], "gameover": false, "players": ["Veera", "Helmi"], "start-time": 1580143602, "game-max-len": 200, "max-len-timer": 0, "faceup-delay": false, "in-device": false}</msg>
<status status="PASS" starttime="20200127 18:46:42.896" endtime="20200127 18:46:42.896"></status>
</kw>
<kw name="Append To List" library="Collections">
<doc>Adds ``values`` to the end of ``list``.</doc>
<arguments>
<arg>${cards_faceup}</arg>
<arg>${faceup}</arg>
</arguments>
<status status="PASS" starttime="20200127 18:46:42.896" endtime="20200127 18:46:42.896"></status>
</kw>
<kw name="Faceup Cards Should Be" library="GameLogicTestLibrary">
<arguments>
<arg>${cards_faceup}</arg>
</arguments>
<msg timestamp="20200127 18:46:42.896" level="INFO">[{'position': 4, 'faceValue': '3'}]</msg>
<status status="PASS" starttime="20200127 18:46:42.896" endtime="20200127 18:46:42.896"></status>
</kw>
<status status="PASS" starttime="20200127 18:46:42.894" endtime="20200127 18:46:42.897"></status>
</kw>
<kw name="Check If Should Clear Faceups" library="GameLogicTestLibrary">
<arguments>
<arg>${faceups}</arg>
</arguments>
<assign>
<var>${faceups}</var>
</assign>
<msg timestamp="20200127 18:46:42.897" level="INFO">${faceups} = [{'position': 4, 'faceValue': '3'}]</msg>
<status status="PASS" starttime="20200127 18:46:42.897" endtime="20200127 18:46:42.897"></status>
</kw>
<status status="PASS" starttime="20200127 18:46:42.894" endtime="20200127 18:46:42.897"></status>
</kw>
<kw name="${turn} = 5" type="foritem">
<kw name="Turn One Card">
<arguments>
<arg>${turn}</arg>
<arg>${board}</arg>
<arg>${faceups}</arg>
</arguments>
<kw name="Get Player In Turn" library="GameLogicTestLibrary">
<assign>
<var>${playerInTurn}</var>
</assign>
<msg timestamp="20200127 18:46:42.897" level="INFO">${playerInTurn} = Veera</msg>
<status status="PASS" starttime="20200127 18:46:42.897" endtime="20200127 18:46:42.898"></status>
</kw>
<kw name="Convert To Integer" library="BuiltIn">
<doc>Converts the given item to an integer number.</doc>
<arguments>
<arg>${turn}</arg>
</arguments>
<assign>
<var>${position}</var>
</assign>
<msg timestamp="20200127 18:46:42.898" level="INFO">${position} = 5</msg>
<status status="PASS" starttime="20200127 18:46:42.898" endtime="20200127 18:46:42.898"></status>
</kw>
<kw name="Get Substring" library="String">
<doc>Returns a substring from ``start`` index to ``end`` index.</doc>
<arguments>
<arg>${board}[${position}]</arg>
<arg>0</arg>
<arg>-1</arg>
</arguments>
<assign>
<var>${faceValue}</var>
</assign>
<msg timestamp="20200127 18:46:42.898" level="INFO">${faceValue} = 3</msg>
<status status="PASS" starttime="20200127 18:46:42.898" endtime="20200127 18:46:42.898"></status>
</kw>
<kw name="Create Dictionary" library="BuiltIn">
<doc>Creates and returns a dictionary based on the given ``items``.</doc>
<arguments>
<arg>position=${position}</arg>
<arg>faceValue=${faceValue}</arg>
</arguments>
<assign>
<var>&amp;{faceup}</var>
</assign>
<msg timestamp="20200127 18:46:42.899" level="INFO">&amp;{faceup} = { position=5 | faceValue=3 }</msg>
<status status="PASS" starttime="20200127 18:46:42.898" endtime="20200127 18:46:42.899"></status>
</kw>
<kw name="Turn Card" library="GameLogicTestLibrary">
<arguments>
<arg>${playerInTurn}</arg>
<arg>${position}</arg>
</arguments>
<msg timestamp="20200127 18:46:42.899" level="INFO">user Veera cardI 5
game_logic.play: turned, cardI=5
two cards are face-up
pair found
game.state= {"gameId": "3", "board": ["1a", "1b", "2a", "2b", "3a", "3b", "4a", "4b", "5a", "5b"], "cards": [{"facedown": false, "removed": true, "faceValue": "1", "position": 0}, {"facedown": false, "removed": true, "faceValue": "1", "position": 1}, {"facedown": false, "removed": true, "faceValue": "2", "position": 2}, {"facedown": false, "removed": true, "faceValue": "2", "position": 3}, {"facedown": false, "removed": true, "faceValue": "3", "position": 4}, {"facedown": false, "removed": true, "faceValue": "3", "position": 5}, {"facedown": true, "removed": false, "faceValue": "4", "position": 6}, {"facedown": true, "removed": false, "faceValue": "4", "position": 7}, {"facedown": true, "removed": false, "faceValue": "5", "position": 8}, {"facedown": true, "removed": false, "faceValue": "5", "position": 9}], "turn": 2, "faceUp": [{"facedown": false, "removed": true, "faceValue": "3", "position": 4}, {"facedown": false, "removed": true, "faceValue": "3", "position": 5}], "removed": 3, "scores": [2, 1], "gameover": false, "players": ["Veera", "Helmi"], "start-time": 1580143602, "game-max-len": 200, "max-len-timer": 0, "faceup-delay": false, "in-device": false}</msg>
<status status="PASS" starttime="20200127 18:46:42.899" endtime="20200127 18:46:42.899"></status>
</kw>
<kw name="Append To List" library="Collections">
<doc>Adds ``values`` to the end of ``list``.</doc>
<arguments>
<arg>${cards_faceup}</arg>
<arg>${faceup}</arg>
</arguments>
<status status="PASS" starttime="20200127 18:46:42.899" endtime="20200127 18:46:42.900"></status>
</kw>
<kw name="Faceup Cards Should Be" library="GameLogicTestLibrary">
<arguments>
<arg>${cards_faceup}</arg>
</arguments>
<msg timestamp="20200127 18:46:42.900" level="INFO">[{'position': 4, 'faceValue': '3'}, {'position': 5, 'faceValue': '3'}]</msg>
<status status="PASS" starttime="20200127 18:46:42.900" endtime="20200127 18:46:42.900"></status>
</kw>
<status status="PASS" starttime="20200127 18:46:42.897" endtime="20200127 18:46:42.900"></status>
</kw>
<kw name="Check If Should Clear Faceups" library="GameLogicTestLibrary">
<arguments>
<arg>${faceups}</arg>
</arguments>
<assign>
<var>${faceups}</var>
</assign>
<msg timestamp="20200127 18:46:42.900" level="INFO">clear faceups</msg>
<msg timestamp="20200127 18:46:42.900" level="INFO">${faceups} = []</msg>
<status status="PASS" starttime="20200127 18:46:42.900" endtime="20200127 18:46:42.900"></status>
</kw>
<status status="PASS" starttime="20200127 18:46:42.897" endtime="20200127 18:46:42.900"></status>
</kw>
<kw name="${turn} = 6" type="foritem">
<kw name="Turn One Card">
<arguments>
<arg>${turn}</arg>
<arg>${board}</arg>
<arg>${faceups}</arg>
</arguments>
<kw name="Get Player In Turn" library="GameLogicTestLibrary">
<assign>
<var>${playerInTurn}</var>
</assign>
<msg timestamp="20200127 18:46:42.901" level="INFO">${playerInTurn} = Helmi</msg>
<status status="PASS" starttime="20200127 18:46:42.901" endtime="20200127 18:46:42.901"></status>
</kw>
<kw name="Convert To Integer" library="BuiltIn">
<doc>Converts the given item to an integer number.</doc>
<arguments>
<arg>${turn}</arg>
</arguments>
<assign>
<var>${position}</var>
</assign>
<msg timestamp="20200127 18:46:42.901" level="INFO">${position} = 6</msg>
<status status="PASS" starttime="20200127 18:46:42.901" endtime="20200127 18:46:42.901"></status>
</kw>
<kw name="Get Substring" library="String">
<doc>Returns a substring from ``start`` index to ``end`` index.</doc>
<arguments>
<arg>${board}[${position}]</arg>
<arg>0</arg>
<arg>-1</arg>
</arguments>
<assign>
<var>${faceValue}</var>
</assign>
<msg timestamp="20200127 18:46:42.902" level="INFO">${faceValue} = 4</msg>
<status status="PASS" starttime="20200127 18:46:42.901" endtime="20200127 18:46:42.902"></status>
</kw>
<kw name="Create Dictionary" library="BuiltIn">
<doc>Creates and returns a dictionary based on the given ``items``.</doc>
<arguments>
<arg>position=${position}</arg>
<arg>faceValue=${faceValue}</arg>
</arguments>
<assign>
<var>&amp;{faceup}</var>
</assign>
<msg timestamp="20200127 18:46:42.902" level="INFO">&amp;{faceup} = { position=6 | faceValue=4 }</msg>
<status status="PASS" starttime="20200127 18:46:42.902" endtime="20200127 18:46:42.902"></status>
</kw>
<kw name="Turn Card" library="GameLogicTestLibrary">
<arguments>
<arg>${playerInTurn}</arg>
<arg>${position}</arg>
</arguments>
<msg timestamp="20200127 18:46:42.902" level="INFO">user Helmi cardI 6
game_logic.play: turned, cardI=6
game.state= {"gameId": "3", "board": ["1a", "1b", "2a", "2b", "3a", "3b", "4a", "4b", "5a", "5b"], "cards": [{"facedown": false, "removed": true, "faceValue": "1", "position": 0}, {"facedown": false, "removed": true, "faceValue": "1", "position": 1}, {"facedown": false, "removed": true, "faceValue": "2", "position": 2}, {"facedown": false, "removed": true, "faceValue": "2", "position": 3}, {"facedown": false, "removed": true, "faceValue": "3", "position": 4}, {"facedown": false, "removed": true, "faceValue": "3", "position": 5}, {"facedown": false, "removed": false, "faceValue": "4", "position": 6}, {"facedown": true, "removed": false, "faceValue": "4", "position": 7}, {"facedown": true, "removed": false, "faceValue": "5", "position": 8}, {"facedown": true, "removed": false, "faceValue": "5", "position": 9}], "turn": 2, "faceUp": [{"facedown": false, "removed": false, "faceValue": "4", "position": 6}], "removed": 3, "scores": [2, 1], "gameover": false, "players": ["Veera", "Helmi"], "start-time": 1580143602, "game-max-len": 200, "max-len-timer": 0, "faceup-delay": false, "in-device": false}</msg>
<status status="PASS" starttime="20200127 18:46:42.902" endtime="20200127 18:46:42.902"></status>
</kw>
<kw name="Append To List" library="Collections">
<doc>Adds ``values`` to the end of ``list``.</doc>
<arguments>
<arg>${cards_faceup}</arg>
<arg>${faceup}</arg>
</arguments>
<status status="PASS" starttime="20200127 18:46:42.903" endtime="20200127 18:46:42.903"></status>
</kw>
<kw name="Faceup Cards Should Be" library="GameLogicTestLibrary">
<arguments>
<arg>${cards_faceup}</arg>
</arguments>
<msg timestamp="20200127 18:46:42.903" level="INFO">[{'position': 6, 'faceValue': '4'}]</msg>
<status status="PASS" starttime="20200127 18:46:42.903" endtime="20200127 18:46:42.903"></status>
</kw>
<status status="PASS" starttime="20200127 18:46:42.900" endtime="20200127 18:46:42.903"></status>
</kw>
<kw name="Check If Should Clear Faceups" library="GameLogicTestLibrary">
<arguments>
<arg>${faceups}</arg>
</arguments>
<assign>
<var>${faceups}</var>
</assign>
<msg timestamp="20200127 18:46:42.903" level="INFO">${faceups} = [{'position': 6, 'faceValue': '4'}]</msg>
<status status="PASS" starttime="20200127 18:46:42.903" endtime="20200127 18:46:42.903"></status>
</kw>
<status status="PASS" starttime="20200127 18:46:42.900" endtime="20200127 18:46:42.903"></status>
</kw>
<kw name="${turn} = 7" type="foritem">
<kw name="Turn One Card">
<arguments>
<arg>${turn}</arg>
<arg>${board}</arg>
<arg>${faceups}</arg>
</arguments>
<kw name="Get Player In Turn" library="GameLogicTestLibrary">
<assign>
<var>${playerInTurn}</var>
</assign>
<msg timestamp="20200127 18:46:42.904" level="INFO">${playerInTurn} = Helmi</msg>
<status status="PASS" starttime="20200127 18:46:42.904" endtime="20200127 18:46:42.904"></status>
</kw>
<kw name="Convert To Integer" library="BuiltIn">
<doc>Converts the given item to an integer number.</doc>
<arguments>
<arg>${turn}</arg>
</arguments>
<assign>
<var>${position}</var>
</assign>
<msg timestamp="20200127 18:46:42.904" level="INFO">${position} = 7</msg>
<status status="PASS" starttime="20200127 18:46:42.904" endtime="20200127 18:46:42.904"></status>
</kw>
<kw name="Get Substring" library="String">
<doc>Returns a substring from ``start`` index to ``end`` index.</doc>
<arguments>
<arg>${board}[${position}]</arg>
<arg>0</arg>
<arg>-1</arg>
</arguments>
<assign>
<var>${faceValue}</var>
</assign>
<msg timestamp="20200127 18:46:42.905" level="INFO">${faceValue} = 4</msg>
<status status="PASS" starttime="20200127 18:46:42.904" endtime="20200127 18:46:42.905"></status>
</kw>
<kw name="Create Dictionary" library="BuiltIn">
<doc>Creates and returns a dictionary based on the given ``items``.</doc>
<arguments>
<arg>position=${position}</arg>
<arg>faceValue=${faceValue}</arg>
</arguments>
<assign>
<var>&amp;{faceup}</var>
</assign>
<msg timestamp="20200127 18:46:42.905" level="INFO">&amp;{faceup} = { position=7 | faceValue=4 }</msg>
<status status="PASS" starttime="20200127 18:46:42.905" endtime="20200127 18:46:42.905"></status>
</kw>
<kw name="Turn Card" library="GameLogicTestLibrary">
<arguments>
<arg>${playerInTurn}</arg>
<arg>${position}</arg>
</arguments>
<msg timestamp="20200127 18:46:42.906" level="INFO">user Helmi cardI 7
game_logic.play: turned, cardI=7
two cards are face-up
pair found
game.state= {"gameId": "3", "board": ["1a", "1b", "2a", "2b", "3a", "3b", "4a", "4b", "5a", "5b"], "cards": [{"facedown": false, "removed": true, "faceValue": "1", "position": 0}, {"facedown": false, "removed": true, "faceValue": "1", "position": 1}, {"facedown": false, "removed": true, "faceValue": "2", "position": 2}, {"facedown": false, "removed": true, "faceValue": "2", "position": 3}, {"facedown": false, "removed": true, "faceValue": "3", "position": 4}, {"facedown": false, "removed": true, "faceValue": "3", "position": 5}, {"facedown": false, "removed": true, "faceValue": "4", "position": 6}, {"facedown": false, "removed": true, "faceValue": "4", "position": 7}, {"facedown": true, "removed": false, "faceValue": "5", "position": 8}, {"facedown": true, "removed": false, "faceValue": "5", "position": 9}], "turn": 1, "faceUp": [{"facedown": false, "removed": true, "faceValue": "4", "position": 6}, {"facedown": false, "removed": true, "faceValue": "4", "position": 7}], "removed": 4, "scores": [2, 2], "gameover": false, "players": ["Veera", "Helmi"], "start-time": 1580143602, "game-max-len": 200, "max-len-timer": 0, "faceup-delay": false, "in-device": false}</msg>
<status status="PASS" starttime="20200127 18:46:42.905" endtime="20200127 18:46:42.906"></status>
</kw>
<kw name="Append To List" library="Collections">
<doc>Adds ``values`` to the end of ``list``.</doc>
<arguments>
<arg>${cards_faceup}</arg>
<arg>${faceup}</arg>
</arguments>
<status status="PASS" starttime="20200127 18:46:42.906" endtime="20200127 18:46:42.906"></status>
</kw>
<kw name="Faceup Cards Should Be" library="GameLogicTestLibrary">
<arguments>
<arg>${cards_faceup}</arg>
</arguments>
<msg timestamp="20200127 18:46:42.906" level="INFO">[{'position': 6, 'faceValue': '4'}, {'position': 7, 'faceValue': '4'}]</msg>
<status status="PASS" starttime="20200127 18:46:42.906" endtime="20200127 18:46:42.906"></status>
</kw>
<status status="PASS" starttime="20200127 18:46:42.904" endtime="20200127 18:46:42.906"></status>
</kw>
<kw name="Check If Should Clear Faceups" library="GameLogicTestLibrary">
<arguments>
<arg>${faceups}</arg>
</arguments>
<assign>
<var>${faceups}</var>
</assign>
<msg timestamp="20200127 18:46:42.907" level="INFO">clear faceups</msg>
<msg timestamp="20200127 18:46:42.907" level="INFO">${faceups} = []</msg>
<status status="PASS" starttime="20200127 18:46:42.906" endtime="20200127 18:46:42.907"></status>
</kw>
<status status="PASS" starttime="20200127 18:46:42.903" endtime="20200127 18:46:42.907"></status>
</kw>
<kw name="${turn} = 8" type="foritem">
<kw name="Turn One Card">
<arguments>
<arg>${turn}</arg>
<arg>${board}</arg>
<arg>${faceups}</arg>
</arguments>
<kw name="Get Player In Turn" library="GameLogicTestLibrary">
<assign>
<var>${playerInTurn}</var>
</assign>
<msg timestamp="20200127 18:46:42.907" level="INFO">${playerInTurn} = Veera</msg>
<status status="PASS" starttime="20200127 18:46:42.907" endtime="20200127 18:46:42.907"></status>
</kw>
<kw name="Convert To Integer" library="BuiltIn">
<doc>Converts the given item to an integer number.</doc>
<arguments>
<arg>${turn}</arg>
</arguments>
<assign>
<var>${position}</var>
</assign>
<msg timestamp="20200127 18:46:42.908" level="INFO">${position} = 8</msg>
<status status="PASS" starttime="20200127 18:46:42.907" endtime="20200127 18:46:42.908"></status>
</kw>
<kw name="Get Substring" library="String">
<doc>Returns a substring from ``start`` index to ``end`` index.</doc>
<arguments>
<arg>${board}[${position}]</arg>
<arg>0</arg>
<arg>-1</arg>
</arguments>
<assign>
<var>${faceValue}</var>
</assign>
<msg timestamp="20200127 18:46:42.908" level="INFO">${faceValue} = 5</msg>
<status status="PASS" starttime="20200127 18:46:42.908" endtime="20200127 18:46:42.908"></status>
</kw>
<kw name="Create Dictionary" library="BuiltIn">
<doc>Creates and returns a dictionary based on the given ``items``.</doc>
<arguments>
<arg>position=${position}</arg>
<arg>faceValue=${faceValue}</arg>
</arguments>
<assign>
<var>&amp;{faceup}</var>
</assign>
<msg timestamp="20200127 18:46:42.908" level="INFO">&amp;{faceup} = { position=8 | faceValue=5 }</msg>
<status status="PASS" starttime="20200127 18:46:42.908" endtime="20200127 18:46:42.908"></status>
</kw>
<kw name="Turn Card" library="GameLogicTestLibrary">
<arguments>
<arg>${playerInTurn}</arg>
<arg>${position}</arg>
</arguments>
<msg timestamp="20200127 18:46:42.909" level="INFO">user Veera cardI 8
game_logic.play: turned, cardI=8
game.state= {"gameId": "3", "board": ["1a", "1b", "2a", "2b", "3a", "3b", "4a", "4b", "5a", "5b"], "cards": [{"facedown": false, "removed": true, "faceValue": "1", "position": 0}, {"facedown": false, "removed": true, "faceValue": "1", "position": 1}, {"facedown": false, "removed": true, "faceValue": "2", "position": 2}, {"facedown": false, "removed": true, "faceValue": "2", "position": 3}, {"facedown": false, "removed": true, "faceValue": "3", "position": 4}, {"facedown": false, "removed": true, "faceValue": "3", "position": 5}, {"facedown": false, "removed": true, "faceValue": "4", "position": 6}, {"facedown": false, "removed": true, "faceValue": "4", "position": 7}, {"facedown": false, "removed": false, "faceValue": "5", "position": 8}, {"facedown": true, "removed": false, "faceValue": "5", "position": 9}], "turn": 1, "faceUp": [{"facedown": false, "removed": false, "faceValue": "5", "position": 8}], "removed": 4, "scores": [2, 2], "gameover": false, "players": ["Veera", "Helmi"], "start-time": 1580143602, "game-max-len": 200, "max-len-timer": 0, "faceup-delay": false, "in-device": false}</msg>
<status status="PASS" starttime="20200127 18:46:42.908" endtime="20200127 18:46:42.909"></status>
</kw>
<kw name="Append To List" library="Collections">
<doc>Adds ``values`` to the end of ``list``.</doc>
<arguments>
<arg>${cards_faceup}</arg>
<arg>${faceup}</arg>
</arguments>
<status status="PASS" starttime="20200127 18:46:42.909" endtime="20200127 18:46:42.910"></status>
</kw>
<kw name="Faceup Cards Should Be" library="GameLogicTestLibrary">
<arguments>
<arg>${cards_faceup}</arg>
</arguments>
<msg timestamp="20200127 18:46:42.910" level="INFO">[{'position': 8, 'faceValue': '5'}]</msg>
<status status="PASS" starttime="20200127 18:46:42.910" endtime="20200127 18:46:42.910"></status>
</kw>
<status status="PASS" starttime="20200127 18:46:42.907" endtime="20200127 18:46:42.910"></status>
</kw>
<kw name="Check If Should Clear Faceups" library="GameLogicTestLibrary">
<arguments>
<arg>${faceups}</arg>
</arguments>
<assign>
<var>${faceups}</var>
</assign>
<msg timestamp="20200127 18:46:42.910" level="INFO">${faceups} = [{'position': 8, 'faceValue': '5'}]</msg>
<status status="PASS" starttime="20200127 18:46:42.910" endtime="20200127 18:46:42.910"></status>
</kw>
<status status="PASS" starttime="20200127 18:46:42.907" endtime="20200127 18:46:42.910"></status>
</kw>
<kw name="${turn} = 9" type="foritem">
<kw name="Turn One Card">
<arguments>
<arg>${turn}</arg>
<arg>${board}</arg>
<arg>${faceups}</arg>
</arguments>
<kw name="Get Player In Turn" library="GameLogicTestLibrary">
<assign>
<var>${playerInTurn}</var>
</assign>
<msg timestamp="20200127 18:46:42.911" level="INFO">${playerInTurn} = Veera</msg>
<status status="PASS" starttime="20200127 18:46:42.911" endtime="20200127 18:46:42.911"></status>
</kw>
<kw name="Convert To Integer" library="BuiltIn">
<doc>Converts the given item to an integer number.</doc>
<arguments>
<arg>${turn}</arg>
</arguments>
<assign>
<var>${position}</var>
</assign>
<msg timestamp="20200127 18:46:42.911" level="INFO">${position} = 9</msg>
<status status="PASS" starttime="20200127 18:46:42.911" endtime="20200127 18:46:42.911"></status>
</kw>
<kw name="Get Substring" library="String">
<doc>Returns a substring from ``start`` index to ``end`` index.</doc>
<arguments>
<arg>${board}[${position}]</arg>
<arg>0</arg>
<arg>-1</arg>
</arguments>
<assign>
<var>${faceValue}</var>
</assign>
<msg timestamp="20200127 18:46:42.911" level="INFO">${faceValue} = 5</msg>
<status status="PASS" starttime="20200127 18:46:42.911" endtime="20200127 18:46:42.912"></status>
</kw>
<kw name="Create Dictionary" library="BuiltIn">
<doc>Creates and returns a dictionary based on the given ``items``.</doc>
<arguments>
<arg>position=${position}</arg>
<arg>faceValue=${faceValue}</arg>
</arguments>
<assign>
<var>&amp;{faceup}</var>
</assign>
<msg timestamp="20200127 18:46:42.912" level="INFO">&amp;{faceup} = { position=9 | faceValue=5 }</msg>
<status status="PASS" starttime="20200127 18:46:42.912" endtime="20200127 18:46:42.912"></status>
</kw>
<kw name="Turn Card" library="GameLogicTestLibrary">
<arguments>
<arg>${playerInTurn}</arg>
<arg>${position}</arg>
</arguments>
<msg timestamp="20200127 18:46:42.912" level="INFO">user Veera cardI 9
game_logic.play: turned, cardI=9
two cards are face-up
pair found
game.state= {"gameId": "3", "board": ["1a", "1b", "2a", "2b", "3a", "3b", "4a", "4b", "5a", "5b"], "cards": [{"facedown": false, "removed": true, "faceValue": "1", "position": 0}, {"facedown": false, "removed": true, "faceValue": "1", "position": 1}, {"facedown": false, "removed": true, "faceValue": "2", "position": 2}, {"facedown": false, "removed": true, "faceValue": "2", "position": 3}, {"facedown": false, "removed": true, "faceValue": "3", "position": 4}, {"facedown": false, "removed": true, "faceValue": "3", "position": 5}, {"facedown": false, "removed": true, "faceValue": "4", "position": 6}, {"facedown": false, "removed": true, "faceValue": "4", "position": 7}, {"facedown": false, "removed": true, "faceValue": "5", "position": 8}, {"facedown": false, "removed": true, "faceValue": "5", "position": 9}], "turn": 1, "faceUp": [{"facedown": false, "removed": true, "faceValue": "5", "position": 8}, {"facedown": false, "removed": true, "faceValue": "5", "position": 9}], "removed": 5, "scores": [3, 2], "gameover": true, "players": ["Veera", "Helmi"], "start-time": 1580143602, "game-max-len": 200, "max-len-timer": 0, "faceup-delay": false, "in-device": false}</msg>
<status status="PASS" starttime="20200127 18:46:42.912" endtime="20200127 18:46:42.912"></status>
</kw>
<kw name="Append To List" library="Collections">
<doc>Adds ``values`` to the end of ``list``.</doc>
<arguments>
<arg>${cards_faceup}</arg>
<arg>${faceup}</arg>
</arguments>
<status status="PASS" starttime="20200127 18:46:42.913" endtime="20200127 18:46:42.913"></status>
</kw>
<kw name="Faceup Cards Should Be" library="GameLogicTestLibrary">
<arguments>
<arg>${cards_faceup}</arg>
</arguments>
<msg timestamp="20200127 18:46:42.913" level="INFO">[{'position': 8, 'faceValue': '5'}, {'position': 9, 'faceValue': '5'}]</msg>
<status status="PASS" starttime="20200127 18:46:42.913" endtime="20200127 18:46:42.914"></status>
</kw>
<status status="PASS" starttime="20200127 18:46:42.910" endtime="20200127 18:46:42.914"></status>
</kw>
<kw name="Check If Should Clear Faceups" library="GameLogicTestLibrary">
<arguments>
<arg>${faceups}</arg>
</arguments>
<assign>
<var>${faceups}</var>
</assign>
<msg timestamp="20200127 18:46:42.914" level="INFO">clear faceups</msg>
<msg timestamp="20200127 18:46:42.914" level="INFO">${faceups} = []</msg>
<status status="PASS" starttime="20200127 18:46:42.914" endtime="20200127 18:46:42.914"></status>
</kw>
<status status="PASS" starttime="20200127 18:46:42.910" endtime="20200127 18:46:42.914"></status>
</kw>
<status status="PASS" starttime="20200127 18:46:42.873" endtime="20200127 18:46:42.914"></status>
</kw>
<status status="PASS" starttime="20200127 18:46:42.872" endtime="20200127 18:46:42.915"></status>
</kw>
<kw name="Score Should Be" library="GameLogicTestLibrary">
<arguments>
<arg>${expected_score}</arg>
</arguments>
<msg timestamp="20200127 18:46:42.915" level="INFO">scores ['3', '2']
game.state= {"gameId": "3", "board": ["1a", "1b", "2a", "2b", "3a", "3b", "4a", "4b", "5a", "5b"], "cards": [{"facedown": false, "removed": true, "faceValue": "1", "position": 0}, {"facedown": false, "removed": true, "faceValue": "1", "position": 1}, {"facedown": false, "removed": true, "faceValue": "2", "position": 2}, {"facedown": false, "removed": true, "faceValue": "2", "position": 3}, {"facedown": false, "removed": true, "faceValue": "3", "position": 4}, {"facedown": false, "removed": true, "faceValue": "3", "position": 5}, {"facedown": false, "removed": true, "faceValue": "4", "position": 6}, {"facedown": false, "removed": true, "faceValue": "4", "position": 7}, {"facedown": false, "removed": true, "faceValue": "5", "position": 8}, {"facedown": false, "removed": true, "faceValue": "5", "position": 9}], "turn": 1, "faceUp": [{"facedown": false, "removed": true, "faceValue": "5", "position": 8}, {"facedown": false, "removed": true, "faceValue": "5", "position": 9}], "removed": 5, "scores": [3, 2], "gameover": true, "players": ["Veera", "Helmi"], "start-time": 1580143602, "game-max-len": 200, "max-len-timer": 0, "faceup-delay": false, "in-device": false}</msg>
<status status="PASS" starttime="20200127 18:46:42.915" endtime="20200127 18:46:42.915"></status>
</kw>
<status status="PASS" starttime="20200127 18:46:42.867" endtime="20200127 18:46:42.916"></status>
</kw>
<kw name="Play Game">
<arguments>
<arg>3</arg>
<arg>10</arg>
<arg>Helmi</arg>
<arg>${board2}</arg>
<arg>${turns2}</arg>
<arg>${expected_score2}</arg>
</arguments>
<kw name="Initialize Game">
<arguments>
<arg>${numPlayers}</arg>
<arg>${numPairs}</arg>
<arg>${user}</arg>
</arguments>
<kw name="Init Database" library="GameLogicTestLibrary">
<arguments>
<arg>${numPlayers}</arg>
<arg>${numPairs}</arg>
<arg>${user}</arg>
</arguments>
<status status="PASS" starttime="20200127 18:46:42.917" endtime="20200127 18:46:42.917"></status>
</kw>
<kw name="Print Match" library="GameLogicTestLibrary">
<msg timestamp="20200127 18:46:42.917" level="INFO">Match.objects.values= [(0, 4, 'Veera', 1), (1, 4, 'Helmi', 2), (2, 4, 'Sanni', 3)]
Match, filtered by game_id= 4 : [(0, 4, 'Veera', 1), (1, 4, 'Helmi', 2), (2, 4, 'Sanni', 3)]
Match, filtered by game_id= 4 and user= Helmi : [(1, 4, 'Helmi', 2)]</msg>
<status status="PASS" starttime="20200127 18:46:42.917" endtime="20200127 18:46:42.918"></status>
</kw>
<kw name="Check Game Initialization" library="GameLogicTestLibrary">
<msg timestamp="20200127 18:46:42.918" level="INFO">game.state= {"gameId": "4", "board": ["5b", "2a", "5a", "10a", "3a", "4a", "7a", "7b", "1b", "10b", "9b", "9a", "6a", "3b", "1a", "2b", "8a", "8b", "4b", "6b"], "cards": [{"facedown": true, "removed": false, "faceValue": "5", "position": 0}, {"facedown": true, "removed": false, "faceValue": "2", "position": 1}, {"facedown": true, "removed": false, "faceValue": "5", "position": 2}, {"facedown": true, "removed": false, "faceValue": "10", "position": 3}, {"facedown": true, "removed": false, "faceValue": "3", "position": 4}, {"facedown": true, "removed": false, "faceValue": "4", "position": 5}, {"facedown": true, "removed": false, "faceValue": "7", "position": 6}, {"facedown": true, "removed": false, "faceValue": "7", "position": 7}, {"facedown": true, "removed": false, "faceValue": "1", "position": 8}, {"facedown": true, "removed": false, "faceValue": "10", "position": 9}, {"facedown": true, "removed": false, "faceValue": "9", "position": 10}, {"facedown": true, "removed": false, "faceValue": "9", "position": 11}, {"facedown": true, "removed": false, "faceValue": "6", "position": 12}, {"facedown": true, "removed": false, "faceValue": "3", "position": 13}, {"facedown": true, "removed": false, "faceValue": "1", "position": 14}, {"facedown": true, "removed": false, "faceValue": "2", "position": 15}, {"facedown": true, "removed": false, "faceValue": "8", "position": 16}, {"facedown": true, "removed": false, "faceValue": "8", "position": 17}, {"facedown": true, "removed": false, "faceValue": "4", "position": 18}, {"facedown": true, "removed": false, "faceValue": "6", "position": 19}], "turn": 1, "faceUp": [], "removed": 0, "scores": [0, 0, 0], "gameover": false, "players": ["Veera", "Helmi", "Sanni"], "start-time": 1580143602, "game-max-len": 200, "max-len-timer": 0, "faceup-delay": false, "in-device": false}</msg>
<status status="PASS" starttime="20200127 18:46:42.918" endtime="20200127 18:46:42.918"></status>
</kw>
<status status="PASS" starttime="20200127 18:46:42.917" endtime="20200127 18:46:42.918"></status>
</kw>
<kw name="Mock Board" library="GameLogicTestLibrary">
<arguments>
<arg>${board}</arg>
</arguments>
<msg timestamp="20200127 18:46:42.919" level="INFO">game.state= {"gameId": "4", "board": ["1a", "1b", "2a", "2b", "3a", "3b", "4a", "4b", "5a", "5b", "6a", "6b", "7a", "7b", "8a", "8b", "9a", "9b", "10a", "10b"], "cards": [{"facedown": true, "removed": false, "faceValue": "1", "position": 0}, {"facedown": true, "removed": false, "faceValue": "1", "position": 1}, {"facedown": true, "removed": false, "faceValue": "2", "position": 2}, {"facedown": true, "removed": false, "faceValue": "2", "position": 3}, {"facedown": true, "removed": false, "faceValue": "3", "position": 4}, {"facedown": true, "removed": false, "faceValue": "3", "position": 5}, {"facedown": true, "removed": false, "faceValue": "4", "position": 6}, {"facedown": true, "removed": false, "faceValue": "4", "position": 7}, {"facedown": true, "removed": false, "faceValue": "5", "position": 8}, {"facedown": true, "removed": false, "faceValue": "5", "position": 9}, {"facedown": true, "removed": false, "faceValue": "6", "position": 10}, {"facedown": true, "removed": false, "faceValue": "6", "position": 11}, {"facedown": true, "removed": false, "faceValue": "7", "position": 12}, {"facedown": true, "removed": false, "faceValue": "7", "position": 13}, {"facedown": true, "removed": false, "faceValue": "8", "position": 14}, {"facedown": true, "removed": false, "faceValue": "8", "position": 15}, {"facedown": true, "removed": false, "faceValue": "9", "position": 16}, {"facedown": true, "removed": false, "faceValue": "9", "position": 17}, {"facedown": true, "removed": false, "faceValue": "10", "position": 18}, {"facedown": true, "removed": false, "faceValue": "10", "position": 19}], "turn": 1, "faceUp": [], "removed": 0, "scores": [0, 0, 0], "gameover": false, "players": ["Veera", "Helmi", "Sanni"], "start-time": 1580143602, "game-max-len": 200, "max-len-timer": 0, "faceup-delay": false, "in-device": false}</msg>
<status status="PASS" starttime="20200127 18:46:42.918" endtime="20200127 18:46:42.919"></status>
</kw>
<kw name="Do Turns">
<arguments>
<arg>${turns}</arg>
<arg>${board}</arg>
</arguments>
<kw name="Create List" library="BuiltIn">
<doc>Returns a list containing given items.</doc>
<assign>
<var>@{faceups}</var>
</assign>
<msg timestamp="20200127 18:46:42.919" level="INFO">@{faceups} = [ ]</msg>
<status status="PASS" starttime="20200127 18:46:42.919" endtime="20200127 18:46:42.919"></status>
</kw>
<kw name="${turn} IN [ @{turns} ]" type="for">
<kw name="${turn} = 0" type="foritem">
<kw name="Turn One Card">
<arguments>
<arg>${turn}</arg>
<arg>${board}</arg>
<arg>${faceups}</arg>
</arguments>
<kw name="Get Player In Turn" library="GameLogicTestLibrary">
<assign>
<var>${playerInTurn}</var>
</assign>
<msg timestamp="20200127 18:46:42.920" level="INFO">${playerInTurn} = Veera</msg>
<status status="PASS" starttime="20200127 18:46:42.920" endtime="20200127 18:46:42.920"></status>
</kw>
<kw name="Convert To Integer" library="BuiltIn">
<doc>Converts the given item to an integer number.</doc>
<arguments>
<arg>${turn}</arg>
</arguments>
<assign>
<var>${position}</var>
</assign>
<msg timestamp="20200127 18:46:42.920" level="INFO">${position} = 0</msg>
<status status="PASS" starttime="20200127 18:46:42.920" endtime="20200127 18:46:42.921"></status>
</kw>
<kw name="Get Substring" library="String">
<doc>Returns a substring from ``start`` index to ``end`` index.</doc>
<arguments>
<arg>${board}[${position}]</arg>
<arg>0</arg>
<arg>-1</arg>
</arguments>
<assign>
<var>${faceValue}</var>
</assign>
<msg timestamp="20200127 18:46:42.921" level="INFO">${faceValue} = 1</msg>
<status status="PASS" starttime="20200127 18:46:42.921" endtime="20200127 18:46:42.921"></status>
</kw>
<kw name="Create Dictionary" library="BuiltIn">
<doc>Creates and returns a dictionary based on the given ``items``.</doc>
<arguments>
<arg>position=${position}</arg>
<arg>faceValue=${faceValue}</arg>
</arguments>
<assign>
<var>&amp;{faceup}</var>
</assign>
<msg timestamp="20200127 18:46:42.921" level="INFO">&amp;{faceup} = { position=0 | faceValue=1 }</msg>
<status status="PASS" starttime="20200127 18:46:42.921" endtime="20200127 18:46:42.921"></status>
</kw>
<kw name="Turn Card" library="GameLogicTestLibrary">
<arguments>
<arg>${playerInTurn}</arg>
<arg>${position}</arg>
</arguments>
<msg timestamp="20200127 18:46:42.922" level="INFO">user Veera cardI 0
game_logic.play: turned, cardI=0
game.state= {"gameId": "4", "board": ["1a", "1b", "2a", "2b", "3a", "3b", "4a", "4b", "5a", "5b", "6a", "6b", "7a", "7b", "8a", "8b", "9a", "9b", "10a", "10b"], "cards": [{"facedown": false, "removed": false, "faceValue": "1", "position": 0}, {"facedown": true, "removed": false, "faceValue": "1", "position": 1}, {"facedown": true, "removed": false, "faceValue": "2", "position": 2}, {"facedown": true, "removed": false, "faceValue": "2", "position": 3}, {"facedown": true, "removed": false, "faceValue": "3", "position": 4}, {"facedown": true, "removed": false, "faceValue": "3", "position": 5}, {"facedown": true, "removed": false, "faceValue": "4", "position": 6}, {"facedown": true, "removed": false, "faceValue": "4", "position": 7}, {"facedown": true, "removed": false, "faceValue": "5", "position": 8}, {"facedown": true, "removed": false, "faceValue": "5", "position": 9}, {"facedown": true, "removed": false, "faceValue": "6", "position": 10}, {"facedown": true, "removed": false, "faceValue": "6", "position": 11}, {"facedown": true, "removed": false, "faceValue": "7", "position": 12}, {"facedown": true, "removed": false, "faceValue": "7", "position": 13}, {"facedown": true, "removed": false, "faceValue": "8", "position": 14}, {"facedown": true, "removed": false, "faceValue": "8", "position": 15}, {"facedown": true, "removed": false, "faceValue": "9", "position": 16}, {"facedown": true, "removed": false, "faceValue": "9", "position": 17}, {"facedown": true, "removed": false, "faceValue": "10", "position": 18}, {"facedown": true, "removed": false, "faceValue": "10", "position": 19}], "turn": 1, "faceUp": [{"facedown": false, "removed": false, "faceValue": "1", "position": 0}], "removed": 0, "scores": [0, 0, 0], "gameover": false, "players": ["Veera", "Helmi", "Sanni"], "start-time": 1580143602, "game-max-len": 200, "max-len-timer": 0, "faceup-delay": false, "in-device": false}</msg>
<status status="PASS" starttime="20200127 18:46:42.921" endtime="20200127 18:46:42.922"></status>
</kw>
<kw name="Append To List" library="Collections">
<doc>Adds ``values`` to the end of ``list``.</doc>
<arguments>
<arg>${cards_faceup}</arg>
<arg>${faceup}</arg>
</arguments>
<status status="PASS" starttime="20200127 18:46:42.922" endtime="20200127 18:46:42.922"></status>
</kw>
<kw name="Faceup Cards Should Be" library="GameLogicTestLibrary">
<arguments>
<arg>${cards_faceup}</arg>
</arguments>
<msg timestamp="20200127 18:46:42.923" level="INFO">[{'position': 0, 'faceValue': '1'}]</msg>
<status status="PASS" starttime="20200127 18:46:42.922" endtime="20200127 18:46:42.923"></status>
</kw>
<status status="PASS" starttime="20200127 18:46:42.920" endtime="20200127 18:46:42.923"></status>
</kw>
<kw name="Check If Should Clear Faceups" library="GameLogicTestLibrary">
<arguments>
<arg>${faceups}</arg>
</arguments>
<assign>
<var>${faceups}</var>
</assign>
<msg timestamp="20200127 18:46:42.923" level="INFO">${faceups} = [{'position': 0, 'faceValue': '1'}]</msg>
<status status="PASS" starttime="20200127 18:46:42.923" endtime="20200127 18:46:42.923"></status>
</kw>
<status status="PASS" starttime="20200127 18:46:42.920" endtime="20200127 18:46:42.923"></status>
</kw>
<kw name="${turn} = 1" type="foritem">
<kw name="Turn One Card">
<arguments>
<arg>${turn}</arg>
<arg>${board}</arg>
<arg>${faceups}</arg>
</arguments>
<kw name="Get Player In Turn" library="GameLogicTestLibrary">
<assign>
<var>${playerInTurn}</var>
</assign>
<msg timestamp="20200127 18:46:42.924" level="INFO">${playerInTurn} = Veera</msg>
<status status="PASS" starttime="20200127 18:46:42.923" endtime="20200127 18:46:42.924"></status>
</kw>
<kw name="Convert To Integer" library="BuiltIn">
<doc>Converts the given item to an integer number.</doc>
<arguments>
<arg>${turn}</arg>
</arguments>
<assign>
<var>${position}</var>
</assign>
<msg timestamp="20200127 18:46:42.924" level="INFO">${position} = 1</msg>
<status status="PASS" starttime="20200127 18:46:42.924" endtime="20200127 18:46:42.924"></status>
</kw>
<kw name="Get Substring" library="String">
<doc>Returns a substring from ``start`` index to ``end`` index.</doc>
<arguments>
<arg>${board}[${position}]</arg>
<arg>0</arg>
<arg>-1</arg>
</arguments>
<assign>
<var>${faceValue}</var>
</assign>
<msg timestamp="20200127 18:46:42.924" level="INFO">${faceValue} = 1</msg>
<status status="PASS" starttime="20200127 18:46:42.924" endtime="20200127 18:46:42.924"></status>
</kw>
<kw name="Create Dictionary" library="BuiltIn">
<doc>Creates and returns a dictionary based on the given ``items``.</doc>
<arguments>
<arg>position=${position}</arg>
<arg>faceValue=${faceValue}</arg>
</arguments>
<assign>
<var>&amp;{faceup}</var>
</assign>
<msg timestamp="20200127 18:46:42.925" level="INFO">&amp;{faceup} = { position=1 | faceValue=1 }</msg>
<status status="PASS" starttime="20200127 18:46:42.924" endtime="20200127 18:46:42.925"></status>
</kw>
<kw name="Turn Card" library="GameLogicTestLibrary">
<arguments>
<arg>${playerInTurn}</arg>
<arg>${position}</arg>
</arguments>
<msg timestamp="20200127 18:46:42.925" level="INFO">user Veera cardI 1
game_logic.play: turned, cardI=1
two cards are face-up
pair found
game.state= {"gameId": "4", "board": ["1a", "1b", "2a", "2b", "3a", "3b", "4a", "4b", "5a", "5b", "6a", "6b", "7a", "7b", "8a", "8b", "9a", "9b", "10a", "10b"], "cards": [{"facedown": false, "removed": true, "faceValue": "1", "position": 0}, {"facedown": false, "removed": true, "faceValue": "1", "position": 1}, {"facedown": true, "removed": false, "faceValue": "2", "position": 2}, {"facedown": true, "removed": false, "faceValue": "2", "position": 3}, {"facedown": true, "removed": false, "faceValue": "3", "position": 4}, {"facedown": true, "removed": false, "faceValue": "3", "position": 5}, {"facedown": true, "removed": false, "faceValue": "4", "position": 6}, {"facedown": true, "removed": false, "faceValue": "4", "position": 7}, {"facedown": true, "removed": false, "faceValue": "5", "position": 8}, {"facedown": true, "removed": false, "faceValue": "5", "position": 9}, {"facedown": true, "removed": false, "faceValue": "6", "position": 10}, {"facedown": true, "removed": false, "faceValue": "6", "position": 11}, {"facedown": true, "removed": false, "faceValue": "7", "position": 12}, {"facedown": true, "removed": false, "faceValue": "7", "position": 13}, {"facedown": true, "removed": false, "faceValue": "8", "position": 14}, {"facedown": true, "removed": false, "faceValue": "8", "position": 15}, {"facedown": true, "removed": false, "faceValue": "9", "position": 16}, {"facedown": true, "removed": false, "faceValue": "9", "position": 17}, {"facedown": true, "removed": false, "faceValue": "10", "position": 18}, {"facedown": true, "removed": false, "faceValue": "10", "position": 19}], "turn": 2, "faceUp": [{"facedown": false, "removed": true, "faceValue": "1", "position": 0}, {"facedown": false, "removed": true, "faceValue": "1", "position": 1}], "removed": 1, "scores": [1, 0, 0], "gameover": false, "players": ["Veera", "Helmi", "Sanni"], "start-time": 1580143602, "game-max-len": 200, "max-len-timer": 0, "faceup-delay": false, "in-device": false}</msg>
<status status="PASS" starttime="20200127 18:46:42.925" endtime="20200127 18:46:42.925"></status>
</kw>
<kw name="Append To List" library="Collections">
<doc>Adds ``values`` to the end of ``list``.</doc>
<arguments>
<arg>${cards_faceup}</arg>
<arg>${faceup}</arg>
</arguments>
<status status="PASS" starttime="20200127 18:46:42.926" endtime="20200127 18:46:42.926"></status>
</kw>
<kw name="Faceup Cards Should Be" library="GameLogicTestLibrary">
<arguments>
<arg>${cards_faceup}</arg>
</arguments>
<msg timestamp="20200127 18:46:42.926" level="INFO">[{'position': 0, 'faceValue': '1'}, {'position': 1, 'faceValue': '1'}]</msg>
<status status="PASS" starttime="20200127 18:46:42.926" endtime="20200127 18:46:42.926"></status>
</kw>
<status status="PASS" starttime="20200127 18:46:42.923" endtime="20200127 18:46:42.926"></status>
</kw>
<kw name="Check If Should Clear Faceups" library="GameLogicTestLibrary">
<arguments>
<arg>${faceups}</arg>
</arguments>
<assign>
<var>${faceups}</var>
</assign>
<msg timestamp="20200127 18:46:42.927" level="INFO">clear faceups</msg>
<msg timestamp="20200127 18:46:42.927" level="INFO">${faceups} = []</msg>
<status status="PASS" starttime="20200127 18:46:42.927" endtime="20200127 18:46:42.927"></status>
</kw>
<status status="PASS" starttime="20200127 18:46:42.923" endtime="20200127 18:46:42.927"></status>
</kw>
<kw name="${turn} = 2" type="foritem">
<kw name="Turn One Card">
<arguments>
<arg>${turn}</arg>
<arg>${board}</arg>
<arg>${faceups}</arg>
</arguments>
<kw name="Get Player In Turn" library="GameLogicTestLibrary">
<assign>
<var>${playerInTurn}</var>
</assign>
<msg timestamp="20200127 18:46:42.930" level="INFO">${playerInTurn} = Helmi</msg>
<status status="PASS" starttime="20200127 18:46:42.929" endtime="20200127 18:46:42.930"></status>
</kw>
<kw name="Convert To Integer" library="BuiltIn">
<doc>Converts the given item to an integer number.</doc>
<arguments>
<arg>${turn}</arg>
</arguments>
<assign>
<var>${position}</var>
</assign>
<msg timestamp="20200127 18:46:42.930" level="INFO">${position} = 2</msg>
<status status="PASS" starttime="20200127 18:46:42.930" endtime="20200127 18:46:42.931"></status>
</kw>
<kw name="Get Substring" library="String">
<doc>Returns a substring from ``start`` index to ``end`` index.</doc>
<arguments>
<arg>${board}[${position}]</arg>
<arg>0</arg>
<arg>-1</arg>
</arguments>
<assign>
<var>${faceValue}</var>
</assign>
<msg timestamp="20200127 18:46:42.931" level="INFO">${faceValue} = 2</msg>
<status status="PASS" starttime="20200127 18:46:42.931" endtime="20200127 18:46:42.931"></status>
</kw>
<kw name="Create Dictionary" library="BuiltIn">
<doc>Creates and returns a dictionary based on the given ``items``.</doc>
<arguments>
<arg>position=${position}</arg>
<arg>faceValue=${faceValue}</arg>
</arguments>
<assign>
<var>&amp;{faceup}</var>
</assign>
<msg timestamp="20200127 18:46:42.932" level="INFO">&amp;{faceup} = { position=2 | faceValue=2 }</msg>
<status status="PASS" starttime="20200127 18:46:42.932" endtime="20200127 18:46:42.932"></status>
</kw>
<kw name="Turn Card" library="GameLogicTestLibrary">
<arguments>
<arg>${playerInTurn}</arg>
<arg>${position}</arg>
</arguments>
<msg timestamp="20200127 18:46:42.933" level="INFO">user Helmi cardI 2
game_logic.play: turned, cardI=2
game.state= {"gameId": "4", "board": ["1a", "1b", "2a", "2b", "3a", "3b", "4a", "4b", "5a", "5b", "6a", "6b", "7a", "7b", "8a", "8b", "9a", "9b", "10a", "10b"], "cards": [{"facedown": false, "removed": true, "faceValue": "1", "position": 0}, {"facedown": false, "removed": true, "faceValue": "1", "position": 1}, {"facedown": false, "removed": false, "faceValue": "2", "position": 2}, {"facedown": true, "removed": false, "faceValue": "2", "position": 3}, {"facedown": true, "removed": false, "faceValue": "3", "position": 4}, {"facedown": true, "removed": false, "faceValue": "3", "position": 5}, {"facedown": true, "removed": false, "faceValue": "4", "position": 6}, {"facedown": true, "removed": false, "faceValue": "4", "position": 7}, {"facedown": true, "removed": false, "faceValue": "5", "position": 8}, {"facedown": true, "removed": false, "faceValue": "5", "position": 9}, {"facedown": true, "removed": false, "faceValue": "6", "position": 10}, {"facedown": true, "removed": false, "faceValue": "6", "position": 11}, {"facedown": true, "removed": false, "faceValue": "7", "position": 12}, {"facedown": true, "removed": false, "faceValue": "7", "position": 13}, {"facedown": true, "removed": false, "faceValue": "8", "position": 14}, {"facedown": true, "removed": false, "faceValue": "8", "position": 15}, {"facedown": true, "removed": false, "faceValue": "9", "position": 16}, {"facedown": true, "removed": false, "faceValue": "9", "position": 17}, {"facedown": true, "removed": false, "faceValue": "10", "position": 18}, {"facedown": true, "removed": false, "faceValue": "10", "position": 19}], "turn": 2, "faceUp": [{"facedown": false, "removed": false, "faceValue": "2", "position": 2}], "removed": 1, "scores": [1, 0, 0], "gameover": false, "players": ["Veera", "Helmi", "Sanni"], "start-time": 1580143602, "game-max-len": 200, "max-len-timer": 0, "faceup-delay": false, "in-device": false}</msg>
<status status="PASS" starttime="20200127 18:46:42.932" endtime="20200127 18:46:42.933"></status>
</kw>
<kw name="Append To List" library="Collections">
<doc>Adds ``values`` to the end of ``list``.</doc>
<arguments>
<arg>${cards_faceup}</arg>
<arg>${faceup}</arg>
</arguments>
<status status="PASS" starttime="20200127 18:46:42.933" endtime="20200127 18:46:42.934"></status>
</kw>
<kw name="Faceup Cards Should Be" library="GameLogicTestLibrary">
<arguments>
<arg>${cards_faceup}</arg>
</arguments>
<msg timestamp="20200127 18:46:42.934" level="INFO">[{'position': 2, 'faceValue': '2'}]</msg>
<status status="PASS" starttime="20200127 18:46:42.934" endtime="20200127 18:46:42.935"></status>
</kw>
<status status="PASS" starttime="20200127 18:46:42.927" endtime="20200127 18:46:42.935"></status>
</kw>
<kw name="Check If Should Clear Faceups" library="GameLogicTestLibrary">
<arguments>
<arg>${faceups}</arg>
</arguments>
<assign>
<var>${faceups}</var>
</assign>
<msg timestamp="20200127 18:46:42.935" level="INFO">${faceups} = [{'position': 2, 'faceValue': '2'}]</msg>
<status status="PASS" starttime="20200127 18:46:42.935" endtime="20200127 18:46:42.935"></status>
</kw>
<status status="PASS" starttime="20200127 18:46:42.927" endtime="20200127 18:46:42.935"></status>
</kw>
<kw name="${turn} = 3" type="foritem">
<kw name="Turn One Card">
<arguments>
<arg>${turn}</arg>
<arg>${board}</arg>
<arg>${faceups}</arg>
</arguments>
<kw name="Get Player In Turn" library="GameLogicTestLibrary">
<assign>
<var>${playerInTurn}</var>
</assign>
<msg timestamp="20200127 18:46:42.936" level="INFO">${playerInTurn} = Helmi</msg>
<status status="PASS" starttime="20200127 18:46:42.935" endtime="20200127 18:46:42.936"></status>
</kw>
<kw name="Convert To Integer" library="BuiltIn">
<doc>Converts the given item to an integer number.</doc>
<arguments>
<arg>${turn}</arg>
</arguments>
<assign>
<var>${position}</var>
</assign>
<msg timestamp="20200127 18:46:42.936" level="INFO">${position} = 3</msg>
<status status="PASS" starttime="20200127 18:46:42.936" endtime="20200127 18:46:42.936"></status>
</kw>
<kw name="Get Substring" library="String">
<doc>Returns a substring from ``start`` index to ``end`` index.</doc>
<arguments>
<arg>${board}[${position}]</arg>
<arg>0</arg>
<arg>-1</arg>
</arguments>
<assign>
<var>${faceValue}</var>
</assign>
<msg timestamp="20200127 18:46:42.936" level="INFO">${faceValue} = 2</msg>
<status status="PASS" starttime="20200127 18:46:42.936" endtime="20200127 18:46:42.936"></status>
</kw>
<kw name="Create Dictionary" library="BuiltIn">
<doc>Creates and returns a dictionary based on the given ``items``.</doc>
<arguments>
<arg>position=${position}</arg>
<arg>faceValue=${faceValue}</arg>
</arguments>
<assign>
<var>&amp;{faceup}</var>
</assign>
<msg timestamp="20200127 18:46:42.937" level="INFO">&amp;{faceup} = { position=3 | faceValue=2 }</msg>
<status status="PASS" starttime="20200127 18:46:42.936" endtime="20200127 18:46:42.937"></status>
</kw>
<kw name="Turn Card" library="GameLogicTestLibrary">
<arguments>
<arg>${playerInTurn}</arg>
<arg>${position}</arg>
</arguments>
<msg timestamp="20200127 18:46:42.937" level="INFO">user Helmi cardI 3
game_logic.play: turned, cardI=3
two cards are face-up
pair found
[...]
<arguments>
<arg>${cards_faceup}</arg>
<arg>${faceup}</arg>
</arguments>
<status status="PASS" starttime="20200127 18:46:43.082" endtime="20200127 18:46:43.082"></status>
</kw>
<kw name="Faceup Cards Should Be" library="GameLogicTestLibrary">
<arguments>
<arg>${cards_faceup}</arg>
</arguments>
<msg timestamp="20200127 18:46:43.083" level="INFO">[{'position': 16, 'faceValue': '9'}]</msg>
<status status="PASS" starttime="20200127 18:46:43.082" endtime="20200127 18:46:43.083"></status>
</kw>
<status status="PASS" starttime="20200127 18:46:43.080" endtime="20200127 18:46:43.083"></status>
</kw>
<kw name="Check If Should Clear Faceups" library="GameLogicTestLibrary">
<arguments>
<arg>${faceups}</arg>
</arguments>
<assign>
<var>${faceups}</var>
</assign>
<msg timestamp="20200127 18:46:43.083" level="INFO">${faceups} = [{'position': 16, 'faceValue': '9'}]</msg>
<status status="PASS" starttime="20200127 18:46:43.083" endtime="20200127 18:46:43.083"></status>
</kw>
<status status="PASS" starttime="20200127 18:46:43.080" endtime="20200127 18:46:43.083"></status>
</kw>
<kw name="${turn} = 17" type="foritem">
<kw name="Turn One Card">
<arguments>
<arg>${turn}</arg>
<arg>${board}</arg>
<arg>${faceups}</arg>
</arguments>
<kw name="Get Player In Turn" library="GameLogicTestLibrary">
<assign>
<var>${playerInTurn}</var>
</assign>
<msg timestamp="20200127 18:46:43.084" level="INFO">${playerInTurn} = Veera</msg>
<status status="PASS" starttime="20200127 18:46:43.084" endtime="20200127 18:46:43.084"></status>
</kw>
<kw name="Convert To Integer" library="BuiltIn">
<doc>Converts the given item to an integer number.</doc>
<arguments>
<arg>${turn}</arg>
</arguments>
<assign>
<var>${position}</var>
</assign>
<msg timestamp="20200127 18:46:43.084" level="INFO">${position} = 17</msg>
<status status="PASS" starttime="20200127 18:46:43.084" endtime="20200127 18:46:43.084"></status>
</kw>
<kw name="Get Substring" library="String">
<doc>Returns a substring from ``start`` index to ``end`` index.</doc>
<arguments>
<arg>${board}[${position}]</arg>
<arg>0</arg>
<arg>-1</arg>
</arguments>
<assign>
<var>${faceValue}</var>
</assign>
<msg timestamp="20200127 18:46:43.084" level="INFO">${faceValue} = 9</msg>
<status status="PASS" starttime="20200127 18:46:43.084" endtime="20200127 18:46:43.085"></status>
</kw>
<kw name="Create Dictionary" library="BuiltIn">
<doc>Creates and returns a dictionary based on the given ``items``.</doc>
<arguments>
<arg>position=${position}</arg>
<arg>faceValue=${faceValue}</arg>
</arguments>
<assign>
<var>&amp;{faceup}</var>
</assign>
<msg timestamp="20200127 18:46:43.085" level="INFO">&amp;{faceup} = { position=17 | faceValue=9 }</msg>
<status status="PASS" starttime="20200127 18:46:43.085" endtime="20200127 18:46:43.085"></status>
</kw>
<kw name="Turn Card" library="GameLogicTestLibrary">
<arguments>
<arg>${playerInTurn}</arg>
<arg>${position}</arg>
</arguments>
<msg timestamp="20200127 18:46:43.085" level="INFO">user Veera cardI 17
game_logic.play: turned, cardI=17
two cards are face-up
pair found
game.state= {"gameId": "5", "board": ["1a", "1b", "2a", "2b", "3a", "3b", "4a", "4b", "5a", "5b", "6a", "6b", "7a", "7b", "8a", "8b", "9a", "9b", "10a", "10b"], "cards": [{"facedown": false, "removed": true, "faceValue": "1", "position": 0}, {"facedown": false, "removed": true, "faceValue": "1", "position": 1}, {"facedown": false, "removed": true, "faceValue": "2", "position": 2}, {"facedown": false, "removed": true, "faceValue": "2", "position": 3}, {"facedown": false, "removed": true, "faceValue": "3", "position": 4}, {"facedown": false, "removed": true, "faceValue": "3", "position": 5}, {"facedown": false, "removed": true, "faceValue": "4", "position": 6}, {"facedown": false, "removed": true, "faceValue": "4", "position": 7}, {"facedown": false, "removed": true, "faceValue": "5", "position": 8}, {"facedown": false, "removed": true, "faceValue": "5", "position": 9}, {"facedown": false, "removed": true, "faceValue": "6", "position": 10}, {"facedown": false, "removed": true, "faceValue": "6", "position": 11}, {"facedown": false, "removed": true, "faceValue": "7", "position": 12}, {"facedown": false, "removed": true, "faceValue": "7", "position": 13}, {"facedown": false, "removed": true, "faceValue": "8", "position": 14}, {"facedown": false, "removed": true, "faceValue": "8", "position": 15}, {"facedown": false, "removed": true, "faceValue": "9", "position": 16}, {"facedown": false, "removed": true, "faceValue": "9", "position": 17}, {"facedown": true, "removed": false, "faceValue": "10", "position": 18}, {"facedown": true, "removed": false, "faceValue": "10", "position": 19}], "turn": 2, "faceUp": [{"facedown": false, "removed": true, "faceValue": "9", "position": 16}, {"facedown": false, "removed": true, "faceValue": "9", "position": 17}], "removed": 9, "scores": [4, 2, 3], "gameover": false, "players": ["Veera", "Helmi", "Sanni"], "start-time": 1580143603, "game-max-len": 200, "max-len-timer": 0, "faceup-delay": false, "in-device": false}</msg>
<status status="PASS" starttime="20200127 18:46:43.085" endtime="20200127 18:46:43.085"></status>
</kw>
<kw name="Append To List" library="Collections">
<doc>Adds ``values`` to the end of ``list``.</doc>
<arguments>
<arg>${cards_faceup}</arg>
<arg>${faceup}</arg>
</arguments>
<status status="PASS" starttime="20200127 18:46:43.085" endtime="20200127 18:46:43.086"></status>
</kw>
<kw name="Faceup Cards Should Be" library="GameLogicTestLibrary">
<arguments>
<arg>${cards_faceup}</arg>
</arguments>
<msg timestamp="20200127 18:46:43.086" level="INFO">[{'position': 16, 'faceValue': '9'}, {'position': 17, 'faceValue': '9'}]</msg>
<status status="PASS" starttime="20200127 18:46:43.086" endtime="20200127 18:46:43.086"></status>
</kw>
<status status="PASS" starttime="20200127 18:46:43.083" endtime="20200127 18:46:43.086"></status>
</kw>
<kw name="Check If Should Clear Faceups" library="GameLogicTestLibrary">
<arguments>
<arg>${faceups}</arg>
</arguments>
<assign>
<var>${faceups}</var>
</assign>
<msg timestamp="20200127 18:46:43.086" level="INFO">clear faceups</msg>
<msg timestamp="20200127 18:46:43.086" level="INFO">${faceups} = []</msg>
<status status="PASS" starttime="20200127 18:46:43.086" endtime="20200127 18:46:43.086"></status>
</kw>
<status status="PASS" starttime="20200127 18:46:43.083" endtime="20200127 18:46:43.086"></status>
</kw>
<kw name="${turn} = 18" type="foritem">
<kw name="Turn One Card">
<arguments>
<arg>${turn}</arg>
<arg>${board}</arg>
<arg>${faceups}</arg>
</arguments>
<kw name="Get Player In Turn" library="GameLogicTestLibrary">
<assign>
<var>${playerInTurn}</var>
</assign>
<msg timestamp="20200127 18:46:43.087" level="INFO">${playerInTurn} = Helmi</msg>
<status status="PASS" starttime="20200127 18:46:43.087" endtime="20200127 18:46:43.087"></status>
</kw>
<kw name="Convert To Integer" library="BuiltIn">
<doc>Converts the given item to an integer number.</doc>
<arguments>
<arg>${turn}</arg>
</arguments>
<assign>
<var>${position}</var>
</assign>
<msg timestamp="20200127 18:46:43.087" level="INFO">${position} = 18</msg>
<status status="PASS" starttime="20200127 18:46:43.087" endtime="20200127 18:46:43.087"></status>
</kw>
<kw name="Get Substring" library="String">
<doc>Returns a substring from ``start`` index to ``end`` index.</doc>
<arguments>
<arg>${board}[${position}]</arg>
<arg>0</arg>
<arg>-1</arg>
</arguments>
<assign>
<var>${faceValue}</var>
</assign>
<msg timestamp="20200127 18:46:43.088" level="INFO">${faceValue} = 10</msg>
<status status="PASS" starttime="20200127 18:46:43.087" endtime="20200127 18:46:43.088"></status>
</kw>
<kw name="Create Dictionary" library="BuiltIn">
<doc>Creates and returns a dictionary based on the given ``items``.</doc>
<arguments>
<arg>position=${position}</arg>
<arg>faceValue=${faceValue}</arg>
</arguments>
<assign>
<var>&amp;{faceup}</var>
</assign>
<msg timestamp="20200127 18:46:43.088" level="INFO">&amp;{faceup} = { position=18 | faceValue=10 }</msg>
<status status="PASS" starttime="20200127 18:46:43.088" endtime="20200127 18:46:43.088"></status>
</kw>
<kw name="Turn Card" library="GameLogicTestLibrary">
<arguments>
<arg>${playerInTurn}</arg>
<arg>${position}</arg>
</arguments>
<msg timestamp="20200127 18:46:43.089" level="INFO">user Helmi cardI 18
game_logic.play: turned, cardI=18
game.state= {"gameId": "5", "board": ["1a", "1b", "2a", "2b", "3a", "3b", "4a", "4b", "5a", "5b", "6a", "6b", "7a", "7b", "8a", "8b", "9a", "9b", "10a", "10b"], "cards": [{"facedown": false, "removed": true, "faceValue": "1", "position": 0}, {"facedown": false, "removed": true, "faceValue": "1", "position": 1}, {"facedown": false, "removed": true, "faceValue": "2", "position": 2}, {"facedown": false, "removed": true, "faceValue": "2", "position": 3}, {"facedown": false, "removed": true, "faceValue": "3", "position": 4}, {"facedown": false, "removed": true, "faceValue": "3", "position": 5}, {"facedown": false, "removed": true, "faceValue": "4", "position": 6}, {"facedown": false, "removed": true, "faceValue": "4", "position": 7}, {"facedown": false, "removed": true, "faceValue": "5", "position": 8}, {"facedown": false, "removed": true, "faceValue": "5", "position": 9}, {"facedown": false, "removed": true, "faceValue": "6", "position": 10}, {"facedown": false, "removed": true, "faceValue": "6", "position": 11}, {"facedown": false, "removed": true, "faceValue": "7", "position": 12}, {"facedown": false, "removed": true, "faceValue": "7", "position": 13}, {"facedown": false, "removed": true, "faceValue": "8", "position": 14}, {"facedown": false, "removed": true, "faceValue": "8", "position": 15}, {"facedown": false, "removed": true, "faceValue": "9", "position": 16}, {"facedown": false, "removed": true, "faceValue": "9", "position": 17}, {"facedown": false, "removed": false, "faceValue": "10", "position": 18}, {"facedown": true, "removed": false, "faceValue": "10", "position": 19}], "turn": 2, "faceUp": [{"facedown": false, "removed": false, "faceValue": "10", "position": 18}], "removed": 9, "scores": [4, 2, 3], "gameover": false, "players": ["Veera", "Helmi", "Sanni"], "start-time": 1580143603, "game-max-len": 200, "max-len-timer": 0, "faceup-delay": false, "in-device": false}</msg>
<status status="PASS" starttime="20200127 18:46:43.088" endtime="20200127 18:46:43.089"></status>
</kw>
<kw name="Append To List" library="Collections">
<doc>Adds ``values`` to the end of ``list``.</doc>
<arguments>
<arg>${cards_faceup}</arg>
<arg>${faceup}</arg>
</arguments>
<status status="PASS" starttime="20200127 18:46:43.089" endtime="20200127 18:46:43.089"></status>
</kw>
<kw name="Faceup Cards Should Be" library="GameLogicTestLibrary">
<arguments>
<arg>${cards_faceup}</arg>
</arguments>
<msg timestamp="20200127 18:46:43.089" level="INFO">[{'position': 18, 'faceValue': '10'}]</msg>
<status status="PASS" starttime="20200127 18:46:43.089" endtime="20200127 18:46:43.089"></status>
</kw>
<status status="PASS" starttime="20200127 18:46:43.087" endtime="20200127 18:46:43.089"></status>
</kw>
<kw name="Check If Should Clear Faceups" library="GameLogicTestLibrary">
<arguments>
<arg>${faceups}</arg>
</arguments>
<assign>
<var>${faceups}</var>
</assign>
<msg timestamp="20200127 18:46:43.089" level="INFO">${faceups} = [{'position': 18, 'faceValue': '10'}]</msg>
<status status="PASS" starttime="20200127 18:46:43.089" endtime="20200127 18:46:43.090"></status>
</kw>
<status status="PASS" starttime="20200127 18:46:43.086" endtime="20200127 18:46:43.090"></status>
</kw>
<kw name="${turn} = 19" type="foritem">
<kw name="Turn One Card">
<arguments>
<arg>${turn}</arg>
<arg>${board}</arg>
<arg>${faceups}</arg>
</arguments>
<kw name="Get Player In Turn" library="GameLogicTestLibrary">
<assign>
<var>${playerInTurn}</var>
</assign>
<msg timestamp="20200127 18:46:43.090" level="INFO">${playerInTurn} = Helmi</msg>
<status status="PASS" starttime="20200127 18:46:43.090" endtime="20200127 18:46:43.090"></status>
</kw>
<kw name="Convert To Integer" library="BuiltIn">
<doc>Converts the given item to an integer number.</doc>
<arguments>
<arg>${turn}</arg>
</arguments>
<assign>
<var>${position}</var>
</assign>
<msg timestamp="20200127 18:46:43.090" level="INFO">${position} = 19</msg>
<status status="PASS" starttime="20200127 18:46:43.090" endtime="20200127 18:46:43.090"></status>
</kw>
<kw name="Get Substring" library="String">
<doc>Returns a substring from ``start`` index to ``end`` index.</doc>
<arguments>
<arg>${board}[${position}]</arg>
<arg>0</arg>
<arg>-1</arg>
</arguments>
<assign>
<var>${faceValue}</var>
</assign>
<msg timestamp="20200127 18:46:43.091" level="INFO">${faceValue} = 10</msg>
<status status="PASS" starttime="20200127 18:46:43.091" endtime="20200127 18:46:43.091"></status>
</kw>
<kw name="Create Dictionary" library="BuiltIn">
<doc>Creates and returns a dictionary based on the given ``items``.</doc>
<arguments>
<arg>position=${position}</arg>
<arg>faceValue=${faceValue}</arg>
</arguments>
<assign>
<var>&amp;{faceup}</var>
</assign>
<msg timestamp="20200127 18:46:43.091" level="INFO">&amp;{faceup} = { position=19 | faceValue=10 }</msg>
<status status="PASS" starttime="20200127 18:46:43.091" endtime="20200127 18:46:43.091"></status>
</kw>
<kw name="Turn Card" library="GameLogicTestLibrary">
<arguments>
<arg>${playerInTurn}</arg>
<arg>${position}</arg>
</arguments>
<msg timestamp="20200127 18:46:43.092" level="INFO">user Helmi cardI 19
game_logic.play: turned, cardI=19
two cards are face-up
pair found
game.state= {"gameId": "5", "board": ["1a", "1b", "2a", "2b", "3a", "3b", "4a", "4b", "5a", "5b", "6a", "6b", "7a", "7b", "8a", "8b", "9a", "9b", "10a", "10b"], "cards": [{"facedown": false, "removed": true, "faceValue": "1", "position": 0}, {"facedown": false, "removed": true, "faceValue": "1", "position": 1}, {"facedown": false, "removed": true, "faceValue": "2", "position": 2}, {"facedown": false, "removed": true, "faceValue": "2", "position": 3}, {"facedown": false, "removed": true, "faceValue": "3", "position": 4}, {"facedown": false, "removed": true, "faceValue": "3", "position": 5}, {"facedown": false, "removed": true, "faceValue": "4", "position": 6}, {"facedown": false, "removed": true, "faceValue": "4", "position": 7}, {"facedown": false, "removed": true, "faceValue": "5", "position": 8}, {"facedown": false, "removed": true, "faceValue": "5", "position": 9}, {"facedown": false, "removed": true, "faceValue": "6", "position": 10}, {"facedown": false, "removed": true, "faceValue": "6", "position": 11}, {"facedown": false, "removed": true, "faceValue": "7", "position": 12}, {"facedown": false, "removed": true, "faceValue": "7", "position": 13}, {"facedown": false, "removed": true, "faceValue": "8", "position": 14}, {"facedown": false, "removed": true, "faceValue": "8", "position": 15}, {"facedown": false, "removed": true, "faceValue": "9", "position": 16}, {"facedown": false, "removed": true, "faceValue": "9", "position": 17}, {"facedown": false, "removed": true, "faceValue": "10", "position": 18}, {"facedown": false, "removed": true, "faceValue": "10", "position": 19}], "turn": 2, "faceUp": [{"facedown": false, "removed": true, "faceValue": "10", "position": 18}, {"facedown": false, "removed": true, "faceValue": "10", "position": 19}], "removed": 10, "scores": [4, 3, 3], "gameover": true, "players": ["Veera", "Helmi", "Sanni"], "start-time": 1580143603, "game-max-len": 200, "max-len-timer": 0, "faceup-delay": false, "in-device": false}</msg>
<status status="PASS" starttime="20200127 18:46:43.091" endtime="20200127 18:46:43.092"></status>
</kw>
<kw name="Append To List" library="Collections">
<doc>Adds ``values`` to the end of ``list``.</doc>
<arguments>
<arg>${cards_faceup}</arg>
<arg>${faceup}</arg>
</arguments>
<status status="PASS" starttime="20200127 18:46:43.092" endtime="20200127 18:46:43.092"></status>
</kw>
<kw name="Faceup Cards Should Be" library="GameLogicTestLibrary">
<arguments>
<arg>${cards_faceup}</arg>
</arguments>
<msg timestamp="20200127 18:46:43.092" level="INFO">[{'position': 18, 'faceValue': '10'}, {'position': 19, 'faceValue': '10'}]</msg>
<status status="PASS" starttime="20200127 18:46:43.092" endtime="20200127 18:46:43.092"></status>
</kw>
<status status="PASS" starttime="20200127 18:46:43.090" endtime="20200127 18:46:43.093"></status>
</kw>
<kw name="Check If Should Clear Faceups" library="GameLogicTestLibrary">
<arguments>
<arg>${faceups}</arg>
</arguments>
<assign>
<var>${faceups}</var>
</assign>
<msg timestamp="20200127 18:46:43.093" level="INFO">clear faceups</msg>
<msg timestamp="20200127 18:46:43.093" level="INFO">${faceups} = []</msg>
<status status="PASS" starttime="20200127 18:46:43.093" endtime="20200127 18:46:43.093"></status>
</kw>
<status status="PASS" starttime="20200127 18:46:43.090" endtime="20200127 18:46:43.093"></status>
</kw>
<status status="PASS" starttime="20200127 18:46:43.002" endtime="20200127 18:46:43.093"></status>
</kw>
<status status="PASS" starttime="20200127 18:46:43.002" endtime="20200127 18:46:43.093"></status>
</kw>
<kw name="Score Should Be" library="GameLogicTestLibrary">
<arguments>
<arg>${expected_score}</arg>
</arguments>
<msg timestamp="20200127 18:46:43.093" level="INFO">scores ['4', '3', '3']
game.state= {"gameId": "5", "board": ["1a", "1b", "2a", "2b", "3a", "3b", "4a", "4b", "5a", "5b", "6a", "6b", "7a", "7b", "8a", "8b", "9a", "9b", "10a", "10b"], "cards": [{"facedown": false, "removed": true, "faceValue": "1", "position": 0}, {"facedown": false, "removed": true, "faceValue": "1", "position": 1}, {"facedown": false, "removed": true, "faceValue": "2", "position": 2}, {"facedown": false, "removed": true, "faceValue": "2", "position": 3}, {"facedown": false, "removed": true, "faceValue": "3", "position": 4}, {"facedown": false, "removed": true, "faceValue": "3", "position": 5}, {"facedown": false, "removed": true, "faceValue": "4", "position": 6}, {"facedown": false, "removed": true, "faceValue": "4", "position": 7}, {"facedown": false, "removed": true, "faceValue": "5", "position": 8}, {"facedown": false, "removed": true, "faceValue": "5", "position": 9}, {"facedown": false, "removed": true, "faceValue": "6", "position": 10}, {"facedown": false, "removed": true, "faceValue": "6", "position": 11}, {"facedown": false, "removed": true, "faceValue": "7", "position": 12}, {"facedown": false, "removed": true, "faceValue": "7", "position": 13}, {"facedown": false, "removed": true, "faceValue": "8", "position": 14}, {"facedown": false, "removed": true, "faceValue": "8", "position": 15}, {"facedown": false, "removed": true, "faceValue": "9", "position": 16}, {"facedown": false, "removed": true, "faceValue": "9", "position": 17}, {"facedown": false, "removed": true, "faceValue": "10", "position": 18}, {"facedown": false, "removed": true, "faceValue": "10", "position": 19}], "turn": 2, "faceUp": [{"facedown": false, "removed": true, "faceValue": "10", "position": 18}, {"facedown": false, "removed": true, "faceValue": "10", "position": 19}], "removed": 10, "scores": [4, 3, 3], "gameover": true, "players": ["Veera", "Helmi", "Sanni"], "start-time": 1580143603, "game-max-len": 200, "max-len-timer": 0, "faceup-delay": false, "in-device": false}</msg>
<status status="PASS" starttime="20200127 18:46:43.093" endtime="20200127 18:46:43.093"></status>
</kw>
<status status="PASS" starttime="20200127 18:46:43.000" endtime="20200127 18:46:43.093"></status>
</kw>
<status status="PASS" starttime="20200127 18:46:42.866" endtime="20200127 18:46:43.094" critical="yes"></status>
</test>
<doc>Game Logic test cases of Find Pairs memory card game.</doc>
<status status="PASS" starttime="20200127 18:46:42.810" endtime="20200127 18:46:43.095"></status>
</suite>
<statistics>
<total>
<stat pass="2" fail="0">Critical Tests</stat>
<stat pass="2" fail="0">All Tests</stat>
</total>
<tag>
</tag>
<suite>
<stat pass="2" fail="0" id="s1" name="Test Game Logic">Test Game Logic</stat>
</suite>
</statistics>
<errors>
</errors>
</robot>
